2025-12-31T02:29:47.835Z	Initializing build environment...
2025-12-31T02:29:49.473Z	Success: Finished initializing build environment
2025-12-31T02:29:49.753Z	Cloning repository...
2025-12-31T02:29:51.917Z	Detected the following tools from environment: npm@10.9.2, nodejs@22.16.0
2025-12-31T02:29:51.919Z	Restoring from dependencies cache
2025-12-31T02:29:51.920Z	Restoring from build output cache
2025-12-31T02:29:52.205Z	Installing project dependencies: npm clean-install --progress=false
2025-12-31T02:29:54.432Z	npm warn deprecated whatwg-encoding@3.1.1: Use @exodus/bytes instead for a more spec-conformant and faster implementation
2025-12-31T02:30:03.599Z	
2025-12-31T02:30:03.600Z	> my-svelte-app@0.0.1 prepare
2025-12-31T02:30:03.600Z	> svelte-kit sync || echo ''
2025-12-31T02:30:03.600Z	
2025-12-31T02:30:06.946Z	
2025-12-31T02:30:06.946Z	added 388 packages, and audited 389 packages in 14s
2025-12-31T02:30:06.948Z	
2025-12-31T02:30:06.948Z	111 packages are looking for funding
2025-12-31T02:30:06.948Z	  run `npm fund` for details
2025-12-31T02:30:07.024Z	
2025-12-31T02:30:07.027Z	13 vulnerabilities (7 low, 6 moderate)
2025-12-31T02:30:07.027Z	
2025-12-31T02:30:07.027Z	To address issues that do not require attention, run:
2025-12-31T02:30:07.027Z	  npm audit fix
2025-12-31T02:30:07.027Z	
2025-12-31T02:30:07.028Z	To address all issues (including breaking changes), run:
2025-12-31T02:30:07.028Z	  npm audit fix --force
2025-12-31T02:30:07.028Z	
2025-12-31T02:30:07.028Z	Run `npm audit` for details.
2025-12-31T02:30:07.303Z	Executing user build command: npm run build
2025-12-31T02:30:07.718Z	
2025-12-31T02:30:07.719Z	> my-svelte-app@0.0.1 build
2025-12-31T02:30:07.719Z	> vite build
2025-12-31T02:30:07.719Z	
2025-12-31T02:30:09.617Z	vite v7.3.0 building ssr environment for production...
2025-12-31T02:30:09.664Z	transforming...
2025-12-31T02:30:09.825Z	2:30:09 AM [vite-plugin-svelte] src/routes/(protected)/(sidebar)/admin/users/+page.svelte:11:10 This reference only captures the initial value of `data`. Did you mean to reference it inside a derived instead?
2025-12-31T02:30:09.825Z	https://svelte.dev/e/state_referenced_locally
2025-12-31T02:30:09.831Z	 9:   let users = $state([
2025-12-31T02:30:09.831Z	10:     {
2025-12-31T02:30:09.831Z	11:       email: data.user.email,
2025-12-31T02:30:09.831Z	                     ^
2025-12-31T02:30:09.831Z	12:       nickname: data.user.nickname,
2025-12-31T02:30:09.831Z	13:       role: data.user.role,
2025-12-31T02:30:09.831Z	2:30:09 AM [vite-plugin-svelte] src/routes/(protected)/(sidebar)/admin/users/+page.svelte:12:13 This reference only captures the initial value of `data`. Did you mean to reference it inside a derived instead?
2025-12-31T02:30:09.831Z	https://svelte.dev/e/state_referenced_locally
2025-12-31T02:30:09.832Z	10:     {
2025-12-31T02:30:09.832Z	11:       email: data.user.email,
2025-12-31T02:30:09.832Z	12:       nickname: data.user.nickname,
2025-12-31T02:30:09.832Z	                        ^
2025-12-31T02:30:09.832Z	13:       role: data.user.role,
2025-12-31T02:30:09.832Z	14:       lastLogin: new Date().toLocaleDateString('de-DE')
2025-12-31T02:30:09.832Z	2:30:09 AM [vite-plugin-svelte] src/routes/(protected)/(sidebar)/admin/users/+page.svelte:13:9 This reference only captures the initial value of `data`. Did you mean to reference it inside a derived instead?
2025-12-31T02:30:09.832Z	https://svelte.dev/e/state_referenced_locally
2025-12-31T02:30:09.832Z	11:       email: data.user.email,
2025-12-31T02:30:09.832Z	12:       nickname: data.user.nickname,
2025-12-31T02:30:09.832Z	13:       role: data.user.role,
2025-12-31T02:30:09.833Z	                    ^
2025-12-31T02:30:09.833Z	14:       lastLogin: new Date().toLocaleDateString('de-DE')
2025-12-31T02:30:09.833Z	15:     }
2025-12-31T02:30:09.862Z	2:30:09 AM [vite-plugin-svelte] src/routes/(protected)/(sidebar)/dashboard/settings/+page.svelte:49:5 A form label must be associated with a control
2025-12-31T02:30:09.862Z	https://svelte.dev/e/a11y_label_has_associated_control
2025-12-31T02:30:09.863Z	47:       <CardContent class="space-y-4">
2025-12-31T02:30:09.863Z	48:         <div>
2025-12-31T02:30:09.863Z	49:           <label class="text-sm font-medium">E-Mail</label>
2025-12-31T02:30:09.863Z	                                                               ^
2025-12-31T02:30:09.863Z	50:           <p class="text-sm text-muted-foreground">{data.user.email}</p>
2025-12-31T02:30:09.863Z	51:         </div>
2025-12-31T02:30:09.863Z	2:30:09 AM [vite-plugin-svelte] src/routes/(protected)/(sidebar)/dashboard/settings/+page.svelte:53:5 A form label must be associated with a control
2025-12-31T02:30:09.863Z	https://svelte.dev/e/a11y_label_has_associated_control
2025-12-31T02:30:09.863Z	51:         </div>
2025-12-31T02:30:09.863Z	52:         <div>
2025-12-31T02:30:09.864Z	53:           <label class="text-sm font-medium">Name</label>
2025-12-31T02:30:09.864Z	                                                             ^
2025-12-31T02:30:09.864Z	54:           <p class="text-sm text-muted-foreground">{data.user.nickname}</p>
2025-12-31T02:30:09.864Z	55:         </div>
2025-12-31T02:30:09.864Z	2:30:09 AM [vite-plugin-svelte] src/routes/(protected)/(sidebar)/dashboard/settings/+page.svelte:57:5 A form label must be associated with a control
2025-12-31T02:30:09.864Z	https://svelte.dev/e/a11y_label_has_associated_control
2025-12-31T02:30:09.864Z	55:         </div>
2025-12-31T02:30:09.864Z	56:         <div>
2025-12-31T02:30:09.864Z	57:           <label class="text-sm font-medium">Rolle</label>
2025-12-31T02:30:09.864Z	                                                              ^
2025-12-31T02:30:09.864Z	58:           <p class="text-sm text-muted-foreground capitalize">{data.user.role}</p>
2025-12-31T02:30:09.864Z	59:         </div>
2025-12-31T02:30:09.864Z	2:30:09 AM [vite-plugin-svelte] src/routes/(protected)/(sidebar)/dashboard/settings/+page.svelte:69:5 A form label must be associated with a control
2025-12-31T02:30:09.864Z	https://svelte.dev/e/a11y_label_has_associated_control
2025-12-31T02:30:09.864Z	67:       <CardContent class="space-y-4">
2025-12-31T02:30:09.864Z	68:         <div>
2025-12-31T02:30:09.864Z	69:           <label class="text-sm font-medium">Theme</label>
2025-12-31T02:30:09.864Z	                                                              ^
2025-12-31T02:30:09.864Z	70:           <p class="text-sm text-muted-foreground">Dark Mode (Standard)</p>
2025-12-31T02:30:09.865Z	71:         </div>
2025-12-31T02:30:09.865Z	2:30:09 AM [vite-plugin-svelte] src/routes/(protected)/(sidebar)/dashboard/settings/+page.svelte:73:5 A form label must be associated with a control
2025-12-31T02:30:09.865Z	https://svelte.dev/e/a11y_label_has_associated_control
2025-12-31T02:30:09.865Z	71:         </div>
2025-12-31T02:30:09.865Z	72:         <div>
2025-12-31T02:30:09.865Z	73:           <label class="text-sm font-medium">Schriftart</label>
2025-12-31T02:30:09.865Z	                                                                   ^
2025-12-31T02:30:09.865Z	74:           <p class="text-sm text-muted-foreground capitalize">{settings.font}</p>
2025-12-31T02:30:09.865Z	75:         </div>
2025-12-31T02:30:17.759Z	2:30:17 AM [vite-plugin-svelte] src/routes/(protected)/(sidebar)/dashboard/analysis/density/+page.svelte:643:36 A form label must be associated with a control
2025-12-31T02:30:17.759Z	https://svelte.dev/e/a11y_label_has_associated_control
2025-12-31T02:30:17.759Z	641:                             <div class="space-y-2 pt-2 border-t border-[hsl(var(--accent-pro-100))]/10">
2025-12-31T02:30:17.759Z	642:                                 <div class="flex items-center justify-between">
2025-12-31T02:30:17.759Z	643:                                     <label class="text-[10px] font-black uppercase tracking-wider text-muted-foreground">Overlay Deckkraft</label>
2025-12-31T02:30:17.763Z	                                                                                                                                                       ^
2025-12-31T02:30:17.763Z	644:                                     <span class="text-[10px] font-mono">{Math.round(overlayOpacity * 100)}%</span>
2025-12-31T02:30:17.763Z	645:                                 </div>
2025-12-31T02:30:17.764Z	2:30:17 AM [vite-plugin-svelte] src/routes/(protected)/(sidebar)/dashboard/analysis/density/+page.svelte:682:36 A form label must be associated with a control
2025-12-31T02:30:17.764Z	https://svelte.dev/e/a11y_label_has_associated_control
2025-12-31T02:30:17.764Z	680:                             <div class="space-y-2">
2025-12-31T02:30:17.764Z	681:                                 <div class="flex items-center justify-between">
2025-12-31T02:30:17.765Z	682:                                     <label class="text-[10px] font-black uppercase tracking-wider text-muted-foreground">Hex-Radius</label>
2025-12-31T02:30:17.765Z	                                                                                                                                                ^
2025-12-31T02:30:17.765Z	683:                                     <span class="text-[10px] font-mono bg-muted px-1.5 py-0.5 rounded text-muted-foreground">{densityRadius}px</span>
2025-12-31T02:30:17.765Z	684:                                 </div>
2025-12-31T02:30:17.765Z	2:30:17 AM [vite-plugin-svelte] src/routes/(protected)/(sidebar)/dashboard/analysis/density/+page.svelte:697:36 A form label must be associated with a control
2025-12-31T02:30:17.765Z	https://svelte.dev/e/a11y_label_has_associated_control
2025-12-31T02:30:17.765Z	695:                              <div class="space-y-2">
2025-12-31T02:30:17.765Z	696:                                 <div class="flex items-center justify-between">
2025-12-31T02:30:17.765Z	697:                                     <label class="text-[10px] font-black uppercase tracking-wider text-muted-foreground">Bandbreite (Smooth)</label>
2025-12-31T02:30:17.765Z	                                                                                                                                                         ^
2025-12-31T02:30:17.765Z	698:                                     <span class="text-[10px] font-mono bg-muted px-1.5 py-0.5 rounded text-muted-foreground">{contourBandwidth}px</span>
2025-12-31T02:30:17.765Z	699:                                 </div>
2025-12-31T02:30:17.765Z	2:30:17 AM [vite-plugin-svelte] src/routes/(protected)/(sidebar)/dashboard/analysis/density/+page.svelte:711:8 A form label must be associated with a control
2025-12-31T02:30:17.765Z	https://svelte.dev/e/a11y_label_has_associated_control
2025-12-31T02:30:17.765Z	709:             <div class="space-y-2">
2025-12-31T02:30:17.765Z	710:               <div class="flex items-center justify-between">
2025-12-31T02:30:17.765Z	711:                 <label class="text-[10px] font-black uppercase tracking-wider text-muted-foreground">Multiplikator</label>
2025-12-31T02:30:17.765Z	                                                                                                                               ^
2025-12-31T02:30:17.765Z	712:                                 <span class="text-[10px] font-mono bg-muted px-1.5 py-0.5 rounded text-muted-foreground">{weightMultiplier.toFixed(2)}x</span>
2025-12-31T02:30:17.765Z	713:               </div>
2025-12-31T02:30:17.766Z	2:30:17 AM [vite-plugin-svelte] src/routes/(protected)/(sidebar)/dashboard/analysis/density/+page.svelte:724:8 A form label must be associated with a control
2025-12-31T02:30:17.766Z	https://svelte.dev/e/a11y_label_has_associated_control
2025-12-31T02:30:17.766Z	722:                         <div class="space-y-2">
2025-12-31T02:30:17.766Z	723:               <div class="flex items-center justify-between">
2025-12-31T02:30:17.766Z	724:                 <label class="text-[10px] font-black uppercase tracking-wider text-muted-foreground">Exponent (Wurzel)</label>
2025-12-31T02:30:17.766Z	                                                                                                                                   ^
2025-12-31T02:30:17.766Z	725:                                 <span class="text-[10px] font-mono bg-muted px-1.5 py-0.5 rounded text-muted-foreground">{weightExponent.toFixed(1)}</span>
2025-12-31T02:30:17.766Z	726:               </div>
2025-12-31T02:30:17.766Z	2:30:17 AM [vite-plugin-svelte] src/routes/(protected)/(sidebar)/dashboard/analysis/density/+page.svelte:737:8 A form label must be associated with a control
2025-12-31T02:30:17.766Z	https://svelte.dev/e/a11y_label_has_associated_control
2025-12-31T02:30:17.766Z	735:                         <div class="space-y-2">
2025-12-31T02:30:17.766Z	736:               <div class="flex items-center justify-between">
2025-12-31T02:30:17.766Z	737:                 <label class="text-[10px] font-black uppercase tracking-wider text-muted-foreground">Deckkraft</label>
2025-12-31T02:30:17.766Z	                                                                                                                           ^
2025-12-31T02:30:17.766Z	738:                                 <span class="text-[10px] font-mono bg-muted px-1.5 py-0.5 rounded text-muted-foreground">{Math.round(densityOpacity * 100)}%</span>
2025-12-31T02:30:17.766Z	739:               </div>
2025-12-31T02:30:28.387Z	"hexbin" is imported from external module "d3-hexbin" but never used in "src/lib/components/analysis/DensityMap.svelte".
2025-12-31T02:30:28.388Z	✓ 4416 modules transformed.
2025-12-31T02:30:28.605Z	rendering chunks...
2025-12-31T02:30:30.188Z	vite v7.3.0 building client environment for production...
2025-12-31T02:30:30.197Z	transforming...
2025-12-31T02:30:30.268Z	2:30:30 AM [vite-plugin-svelte] src/routes/(protected)/(sidebar)/admin/users/+page.svelte:11:10 This reference only captures the initial value of `data`. Did you mean to reference it inside a derived instead?
2025-12-31T02:30:30.272Z	https://svelte.dev/e/state_referenced_locally
2025-12-31T02:30:30.273Z	 9:   let users = $state([
2025-12-31T02:30:30.273Z	10:     {
2025-12-31T02:30:30.273Z	11:       email: data.user.email,
2025-12-31T02:30:30.273Z	                     ^
2025-12-31T02:30:30.274Z	12:       nickname: data.user.nickname,
2025-12-31T02:30:30.274Z	13:       role: data.user.role,
2025-12-31T02:30:30.278Z	2:30:30 AM [vite-plugin-svelte] src/routes/(protected)/(sidebar)/admin/users/+page.svelte:12:13 This reference only captures the initial value of `data`. Did you mean to reference it inside a derived instead?
2025-12-31T02:30:30.278Z	https://svelte.dev/e/state_referenced_locally
2025-12-31T02:30:30.278Z	10:     {
2025-12-31T02:30:30.278Z	11:       email: data.user.email,
2025-12-31T02:30:30.279Z	12:       nickname: data.user.nickname,
2025-12-31T02:30:30.279Z	                        ^
2025-12-31T02:30:30.281Z	13:       role: data.user.role,
2025-12-31T02:30:30.281Z	14:       lastLogin: new Date().toLocaleDateString('de-DE')
2025-12-31T02:30:30.281Z	2:30:30 AM [vite-plugin-svelte] src/routes/(protected)/(sidebar)/admin/users/+page.svelte:13:9 This reference only captures the initial value of `data`. Did you mean to reference it inside a derived instead?
2025-12-31T02:30:30.283Z	https://svelte.dev/e/state_referenced_locally
2025-12-31T02:30:30.283Z	11:       email: data.user.email,
2025-12-31T02:30:30.283Z	12:       nickname: data.user.nickname,
2025-12-31T02:30:30.283Z	13:       role: data.user.role,
2025-12-31T02:30:30.283Z	                    ^
2025-12-31T02:30:30.283Z	14:       lastLogin: new Date().toLocaleDateString('de-DE')
2025-12-31T02:30:30.283Z	15:     }
2025-12-31T02:30:30.295Z	2:30:30 AM [vite-plugin-svelte] src/routes/(protected)/(sidebar)/dashboard/settings/+page.svelte:49:5 A form label must be associated with a control
2025-12-31T02:30:30.295Z	https://svelte.dev/e/a11y_label_has_associated_control
2025-12-31T02:30:30.295Z	47:       <CardContent class="space-y-4">
2025-12-31T02:30:30.295Z	48:         <div>
2025-12-31T02:30:30.295Z	49:           <label class="text-sm font-medium">E-Mail</label>
2025-12-31T02:30:30.295Z	                                                               ^
2025-12-31T02:30:30.296Z	50:           <p class="text-sm text-muted-foreground">{data.user.email}</p>
2025-12-31T02:30:30.296Z	51:         </div>
2025-12-31T02:30:30.296Z	2:30:30 AM [vite-plugin-svelte] src/routes/(protected)/(sidebar)/dashboard/settings/+page.svelte:53:5 A form label must be associated with a control
2025-12-31T02:30:30.296Z	https://svelte.dev/e/a11y_label_has_associated_control
2025-12-31T02:30:30.296Z	51:         </div>
2025-12-31T02:30:30.296Z	52:         <div>
2025-12-31T02:30:30.296Z	53:           <label class="text-sm font-medium">Name</label>
2025-12-31T02:30:30.296Z	                                                             ^
2025-12-31T02:30:30.296Z	54:           <p class="text-sm text-muted-foreground">{data.user.nickname}</p>
2025-12-31T02:30:30.296Z	55:         </div>
2025-12-31T02:30:30.296Z	2:30:30 AM [vite-plugin-svelte] src/routes/(protected)/(sidebar)/dashboard/settings/+page.svelte:57:5 A form label must be associated with a control
2025-12-31T02:30:30.296Z	https://svelte.dev/e/a11y_label_has_associated_control
2025-12-31T02:30:30.297Z	55:         </div>
2025-12-31T02:30:30.297Z	56:         <div>
2025-12-31T02:30:30.297Z	57:           <label class="text-sm font-medium">Rolle</label>
2025-12-31T02:30:30.297Z	                                                              ^
2025-12-31T02:30:30.297Z	58:           <p class="text-sm text-muted-foreground capitalize">{data.user.role}</p>
2025-12-31T02:30:30.297Z	59:         </div>
2025-12-31T02:30:30.297Z	2:30:30 AM [vite-plugin-svelte] src/routes/(protected)/(sidebar)/dashboard/settings/+page.svelte:69:5 A form label must be associated with a control
2025-12-31T02:30:30.297Z	https://svelte.dev/e/a11y_label_has_associated_control
2025-12-31T02:30:30.297Z	67:       <CardContent class="space-y-4">
2025-12-31T02:30:30.297Z	68:         <div>
2025-12-31T02:30:30.297Z	69:           <label class="text-sm font-medium">Theme</label>
2025-12-31T02:30:30.297Z	                                                              ^
2025-12-31T02:30:30.297Z	70:           <p class="text-sm text-muted-foreground">Dark Mode (Standard)</p>
2025-12-31T02:30:30.297Z	71:         </div>
2025-12-31T02:30:30.297Z	2:30:30 AM [vite-plugin-svelte] src/routes/(protected)/(sidebar)/dashboard/settings/+page.svelte:73:5 A form label must be associated with a control
2025-12-31T02:30:30.297Z	https://svelte.dev/e/a11y_label_has_associated_control
2025-12-31T02:30:30.297Z	71:         </div>
2025-12-31T02:30:30.297Z	72:         <div>
2025-12-31T02:30:30.297Z	73:           <label class="text-sm font-medium">Schriftart</label>
2025-12-31T02:30:30.298Z	                                                                   ^
2025-12-31T02:30:30.298Z	74:           <p class="text-sm text-muted-foreground capitalize">{settings.font}</p>
2025-12-31T02:30:30.298Z	75:         </div>
2025-12-31T02:30:30.996Z	2:30:30 AM [vite-plugin-svelte] src/routes/(protected)/(sidebar)/dashboard/analysis/density/+page.svelte:643:36 A form label must be associated with a control
2025-12-31T02:30:30.997Z	https://svelte.dev/e/a11y_label_has_associated_control
2025-12-31T02:30:30.997Z	641:                             <div class="space-y-2 pt-2 border-t border-[hsl(var(--accent-pro-100))]/10">
2025-12-31T02:30:30.997Z	642:                                 <div class="flex items-center justify-between">
2025-12-31T02:30:30.997Z	643:                                     <label class="text-[10px] font-black uppercase tracking-wider text-muted-foreground">Overlay Deckkraft</label>
2025-12-31T02:30:30.997Z	                                                                                                                                                       ^
2025-12-31T02:30:30.997Z	644:                                     <span class="text-[10px] font-mono">{Math.round(overlayOpacity * 100)}%</span>
2025-12-31T02:30:30.997Z	645:                                 </div>
2025-12-31T02:30:30.997Z	2:30:30 AM [vite-plugin-svelte] src/routes/(protected)/(sidebar)/dashboard/analysis/density/+page.svelte:682:36 A form label must be associated with a control
2025-12-31T02:30:30.997Z	https://svelte.dev/e/a11y_label_has_associated_control
2025-12-31T02:30:30.997Z	680:                             <div class="space-y-2">
2025-12-31T02:30:30.997Z	681:                                 <div class="flex items-center justify-between">
2025-12-31T02:30:30.997Z	682:                                     <label class="text-[10px] font-black uppercase tracking-wider text-muted-foreground">Hex-Radius</label>
2025-12-31T02:30:30.997Z	                                                                                                                                                ^
2025-12-31T02:30:30.998Z	683:                                     <span class="text-[10px] font-mono bg-muted px-1.5 py-0.5 rounded text-muted-foreground">{densityRadius}px</span>
2025-12-31T02:30:30.998Z	684:                                 </div>
2025-12-31T02:30:30.998Z	2:30:30 AM [vite-plugin-svelte] src/routes/(protected)/(sidebar)/dashboard/analysis/density/+page.svelte:697:36 A form label must be associated with a control
2025-12-31T02:30:30.998Z	https://svelte.dev/e/a11y_label_has_associated_control
2025-12-31T02:30:30.998Z	695:                              <div class="space-y-2">
2025-12-31T02:30:30.998Z	696:                                 <div class="flex items-center justify-between">
2025-12-31T02:30:30.998Z	697:                                     <label class="text-[10px] font-black uppercase tracking-wider text-muted-foreground">Bandbreite (Smooth)</label>
2025-12-31T02:30:30.998Z	                                                                                                                                                         ^
2025-12-31T02:30:30.998Z	698:                                     <span class="text-[10px] font-mono bg-muted px-1.5 py-0.5 rounded text-muted-foreground">{contourBandwidth}px</span>
2025-12-31T02:30:30.998Z	699:                                 </div>
2025-12-31T02:30:30.998Z	2:30:30 AM [vite-plugin-svelte] src/routes/(protected)/(sidebar)/dashboard/analysis/density/+page.svelte:711:8 A form label must be associated with a control
2025-12-31T02:30:30.998Z	https://svelte.dev/e/a11y_label_has_associated_control
2025-12-31T02:30:30.998Z	709:             <div class="space-y-2">
2025-12-31T02:30:30.998Z	710:               <div class="flex items-center justify-between">
2025-12-31T02:30:30.999Z	711:                 <label class="text-[10px] font-black uppercase tracking-wider text-muted-foreground">Multiplikator</label>
2025-12-31T02:30:30.999Z	                                                                                                                               ^
2025-12-31T02:30:30.999Z	712:                                 <span class="text-[10px] font-mono bg-muted px-1.5 py-0.5 rounded text-muted-foreground">{weightMultiplier.toFixed(2)}x</span>
2025-12-31T02:30:30.999Z	713:               </div>
2025-12-31T02:30:30.999Z	2:30:30 AM [vite-plugin-svelte] src/routes/(protected)/(sidebar)/dashboard/analysis/density/+page.svelte:724:8 A form label must be associated with a control
2025-12-31T02:30:31.000Z	https://svelte.dev/e/a11y_label_has_associated_control
2025-12-31T02:30:31.001Z	722:                         <div class="space-y-2">
2025-12-31T02:30:31.001Z	723:               <div class="flex items-center justify-between">
2025-12-31T02:30:31.001Z	724:                 <label class="text-[10px] font-black uppercase tracking-wider text-muted-foreground">Exponent (Wurzel)</label>
2025-12-31T02:30:31.001Z	                                                                                                                                   ^
2025-12-31T02:30:31.001Z	725:                                 <span class="text-[10px] font-mono bg-muted px-1.5 py-0.5 rounded text-muted-foreground">{weightExponent.toFixed(1)}</span>
2025-12-31T02:30:31.001Z	726:               </div>
2025-12-31T02:30:31.001Z	2:30:30 AM [vite-plugin-svelte] src/routes/(protected)/(sidebar)/dashboard/analysis/density/+page.svelte:737:8 A form label must be associated with a control
2025-12-31T02:30:31.001Z	https://svelte.dev/e/a11y_label_has_associated_control
2025-12-31T02:30:31.001Z	735:                         <div class="space-y-2">
2025-12-31T02:30:31.001Z	736:               <div class="flex items-center justify-between">
2025-12-31T02:30:31.001Z	737:                 <label class="text-[10px] font-black uppercase tracking-wider text-muted-foreground">Deckkraft</label>
2025-12-31T02:30:31.001Z	                                                                                                                           ^
2025-12-31T02:30:31.001Z	738:                                 <span class="text-[10px] font-mono bg-muted px-1.5 py-0.5 rounded text-muted-foreground">{Math.round(densityOpacity * 100)}%</span>
2025-12-31T02:30:31.001Z	739:               </div>
2025-12-31T02:30:43.501Z	✓ 5076 modules transformed.
2025-12-31T02:30:44.082Z	rendering chunks...
2025-12-31T02:30:44.421Z	computing gzip size...
2025-12-31T02:30:44.460Z	.svelte-kit/output/client/_app/version.json                                             0.03 kB │ gzip:   0.05 kB
2025-12-31T02:30:44.460Z	.svelte-kit/output/client/_app/immutable/assets/dyslexic_bold.T9ivnrk-.woff2           19.53 kB
2025-12-31T02:30:44.461Z	.svelte-kit/output/client/.vite/manifest.json                                          19.63 kB │ gzip:   2.35 kB
2025-12-31T02:30:44.461Z	.svelte-kit/output/client/_app/immutable/assets/dyslexic.D7oQwCA_.woff2                20.34 kB
2025-12-31T02:30:44.461Z	.svelte-kit/output/client/_app/immutable/assets/dyslexic_italic.lZojiKrH.woff2         34.58 kB
2025-12-31T02:30:44.463Z	.svelte-kit/output/client/_app/immutable/assets/modern_wide.BQaDgvhP.woff2             92.16 kB
2025-12-31T02:30:44.463Z	.svelte-kit/output/client/_app/immutable/assets/modern_dense_italic.YHcttvUM.woff2    118.38 kB
2025-12-31T02:30:44.463Z	.svelte-kit/output/client/_app/immutable/assets/modern_dense.BGlTxNYR.woff2           124.73 kB
2025-12-31T02:30:44.464Z	.svelte-kit/output/client/_app/immutable/assets/serif_italic.CnWNBbgE.woff2           139.43 kB
2025-12-31T02:30:44.464Z	.svelte-kit/output/client/_app/immutable/assets/serif.6HcgqieP.woff2                  176.52 kB
2025-12-31T02:30:44.464Z	.svelte-kit/output/client/_app/immutable/assets/pdf.worker.CSHkrWs3.mjs             1,960.72 kB
2025-12-31T02:30:44.464Z	.svelte-kit/output/client/_app/immutable/assets/8.BWjXQ34j.css                          2.85 kB │ gzip:   0.94 kB
2025-12-31T02:30:44.464Z	.svelte-kit/output/client/_app/immutable/assets/13.CyD0ZPPC.css                         4.89 kB │ gzip:   1.42 kB
2025-12-31T02:30:44.464Z	.svelte-kit/output/client/_app/immutable/assets/on-destroy-effect.vdEcXefT.css         21.02 kB │ gzip:   4.53 kB
2025-12-31T02:30:44.464Z	.svelte-kit/output/client/_app/immutable/assets/app.Dvco9JId.css                       98.59 kB │ gzip:  16.06 kB
2025-12-31T02:30:44.464Z	.svelte-kit/output/client/_app/immutable/nodes/2.CqfSkaOI.js                            0.07 kB │ gzip:   0.08 kB
2025-12-31T02:30:44.464Z	.svelte-kit/output/client/_app/immutable/nodes/5.CqfSkaOI.js                            0.07 kB │ gzip:   0.08 kB
2025-12-31T02:30:44.465Z	.svelte-kit/output/client/_app/immutable/chunks/CEZ1D5O0.js                             0.10 kB │ gzip:   0.12 kB
2025-12-31T02:30:44.465Z	.svelte-kit/output/client/_app/immutable/entry/start.BmEI80nI.js                        0.12 kB │ gzip:   0.11 kB
2025-12-31T02:30:44.465Z	.svelte-kit/output/client/_app/immutable/chunks/E20LFShF.js                             0.19 kB │ gzip:   0.16 kB
2025-12-31T02:30:44.465Z	.svelte-kit/output/client/_app/immutable/chunks/C_Q3gBrD.js                             0.19 kB │ gzip:   0.17 kB
2025-12-31T02:30:44.465Z	.svelte-kit/output/client/_app/immutable/chunks/Cr6lftJK.js                             0.20 kB │ gzip:   0.18 kB
2025-12-31T02:30:44.465Z	.svelte-kit/output/client/_app/immutable/nodes/3.BNdGP1ou.js                            0.22 kB │ gzip:   0.17 kB
2025-12-31T02:30:44.465Z	.svelte-kit/output/client/_app/immutable/chunks/BrKBpnVA.js                             0.23 kB │ gzip:   0.16 kB
2025-12-31T02:30:44.465Z	.svelte-kit/output/client/_app/immutable/chunks/CCqLT8xI.js                             0.24 kB │ gzip:   0.20 kB
2025-12-31T02:30:44.465Z	.svelte-kit/output/client/_app/immutable/chunks/BAW-s5ab.js                             0.27 kB │ gzip:   0.24 kB
2025-12-31T02:30:44.465Z	.svelte-kit/output/client/_app/immutable/chunks/C0fRuEKg.js                             0.29 kB │ gzip:   0.22 kB
2025-12-31T02:30:44.465Z	.svelte-kit/output/client/_app/immutable/chunks/DT4FFi4Q.js                             0.37 kB │ gzip:   0.27 kB
2025-12-31T02:30:44.466Z	.svelte-kit/output/client/_app/immutable/chunks/Dbp8Fr7i.js                             0.54 kB │ gzip:   0.34 kB
2025-12-31T02:30:44.466Z	.svelte-kit/output/client/_app/immutable/chunks/CEvX4GrH.js                             0.59 kB │ gzip:   0.38 kB
2025-12-31T02:30:44.466Z	.svelte-kit/output/client/_app/immutable/nodes/1.CfJqMO83.js                            0.59 kB │ gzip:   0.35 kB
2025-12-31T02:30:44.466Z	.svelte-kit/output/client/_app/immutable/chunks/98y6GAWE.js                             0.63 kB │ gzip:   0.40 kB
2025-12-31T02:30:44.466Z	.svelte-kit/output/client/_app/immutable/chunks/B7R9RX-e.js                             0.64 kB │ gzip:   0.39 kB
2025-12-31T02:30:44.466Z	.svelte-kit/output/client/_app/immutable/chunks/B0q-0reC.js                             0.65 kB │ gzip:   0.41 kB
2025-12-31T02:30:44.466Z	.svelte-kit/output/client/_app/immutable/chunks/BwDrKsSU.js                             1.06 kB │ gzip:   0.63 kB
2025-12-31T02:30:44.466Z	.svelte-kit/output/client/_app/immutable/chunks/Dng1_i96.js                             1.10 kB │ gzip:   0.52 kB
2025-12-31T02:30:44.466Z	.svelte-kit/output/client/_app/immutable/chunks/PPVm8Dsz.js                             1.23 kB │ gzip:   0.71 kB
2025-12-31T02:30:44.468Z	.svelte-kit/output/client/_app/immutable/chunks/CZPQ3jKl.js                             1.24 kB │ gzip:   0.66 kB
2025-12-31T02:30:44.468Z	.svelte-kit/output/client/_app/immutable/chunks/BHZh4T-z.js                             1.52 kB │ gzip:   0.67 kB
2025-12-31T02:30:44.468Z	.svelte-kit/output/client/_app/immutable/chunks/CieFqKbp.js                             1.62 kB │ gzip:   0.82 kB
2025-12-31T02:30:44.468Z	.svelte-kit/output/client/_app/immutable/chunks/eIKcr5EO.js                             1.88 kB │ gzip:   0.82 kB
2025-12-31T02:30:44.468Z	.svelte-kit/output/client/_app/immutable/chunks/BVWjLonh.js                             2.08 kB │ gzip:   0.98 kB
2025-12-31T02:30:44.468Z	.svelte-kit/output/client/_app/immutable/nodes/6.C6nzuIJX.js                            2.16 kB │ gzip:   1.10 kB
2025-12-31T02:30:44.468Z	.svelte-kit/output/client/_app/immutable/chunks/CltYEJTM.js                             2.45 kB │ gzip:   1.24 kB
2025-12-31T02:30:44.468Z	.svelte-kit/output/client/_app/immutable/chunks/DBUmq7zW.js                             2.57 kB │ gzip:   0.81 kB
2025-12-31T02:30:44.468Z	.svelte-kit/output/client/_app/immutable/nodes/9.CT5yqTbp.js                            2.65 kB │ gzip:   0.96 kB
2025-12-31T02:30:44.468Z	.svelte-kit/output/client/_app/immutable/nodes/7.BaogsD_D.js                            2.86 kB │ gzip:   1.35 kB
2025-12-31T02:30:44.468Z	.svelte-kit/output/client/_app/immutable/nodes/15.CFX5-Hdh.js                           2.89 kB │ gzip:   1.15 kB
2025-12-31T02:30:44.468Z	.svelte-kit/output/client/_app/immutable/nodes/12.CASJjCJQ.js                           2.92 kB │ gzip:   1.04 kB
2025-12-31T02:30:44.468Z	.svelte-kit/output/client/_app/immutable/nodes/14.DerWuiYq.js                           3.05 kB │ gzip:   1.43 kB
2025-12-31T02:30:44.468Z	.svelte-kit/output/client/_app/immutable/chunks/DDg876dv.js                             3.49 kB │ gzip:   1.41 kB
2025-12-31T02:30:44.468Z	.svelte-kit/output/client/_app/immutable/nodes/11.DrqYHs3w.js                           3.61 kB │ gzip:   1.25 kB
2025-12-31T02:30:44.468Z	.svelte-kit/output/client/_app/immutable/chunks/B-HlKGdr.js                             3.81 kB │ gzip:   1.80 kB
2025-12-31T02:30:44.468Z	.svelte-kit/output/client/_app/immutable/nodes/10.Db3MJBIG.js                           4.07 kB │ gzip:   1.45 kB
2025-12-31T02:30:44.468Z	.svelte-kit/output/client/_app/immutable/nodes/16.DmtryYL-.js                           4.29 kB │ gzip:   1.50 kB
2025-12-31T02:30:44.468Z	.svelte-kit/output/client/_app/immutable/chunks/fL_LJy9B.js                             4.35 kB │ gzip:   1.94 kB
2025-12-31T02:30:44.468Z	.svelte-kit/output/client/_app/immutable/nodes/0.CGvTqUTW.js                            4.88 kB │ gzip:   2.19 kB
2025-12-31T02:30:44.469Z	.svelte-kit/output/client/_app/immutable/chunks/DNN2tFDq.js                             5.78 kB │ gzip:   2.67 kB
2025-12-31T02:30:44.469Z	.svelte-kit/output/client/_app/immutable/chunks/VTSIMYkg.js                             6.30 kB │ gzip:   2.60 kB
2025-12-31T02:30:44.469Z	.svelte-kit/output/client/_app/immutable/chunks/CJZBQDoI.js                             6.80 kB │ gzip:   3.16 kB
2025-12-31T02:30:44.469Z	.svelte-kit/output/client/_app/immutable/nodes/4.C9O49n7r.js                            7.85 kB │ gzip:   2.71 kB
2025-12-31T02:30:44.469Z	.svelte-kit/output/client/_app/immutable/entry/app.DWv5kYRc.js                          9.34 kB │ gzip:   3.15 kB
2025-12-31T02:30:44.470Z	.svelte-kit/output/client/_app/immutable/chunks/B4_Lt4W0.js                            17.92 kB │ gzip:   5.67 kB
2025-12-31T02:30:44.471Z	.svelte-kit/output/client/_app/immutable/chunks/Dvbtd_c0.js                            23.57 kB │ gzip:   9.17 kB
2025-12-31T02:30:44.471Z	.svelte-kit/output/client/_app/immutable/chunks/D3zLFHpD.js                            25.19 kB │ gzip:  10.05 kB
2025-12-31T02:30:44.471Z	.svelte-kit/output/client/_app/immutable/chunks/CAk9Q5pc.js                            34.79 kB │ gzip:  11.68 kB
2025-12-31T02:30:44.471Z	.svelte-kit/output/client/_app/immutable/chunks/D-uGo9rf.js                            61.60 kB │ gzip:  20.06 kB
2025-12-31T02:30:44.471Z	.svelte-kit/output/client/_app/immutable/nodes/8.BSyFMeNz.js                          220.48 kB │ gzip:  58.64 kB
2025-12-31T02:30:44.471Z	.svelte-kit/output/client/_app/immutable/chunks/CEWM7r6c.js                           406.65 kB │ gzip: 119.03 kB
2025-12-31T02:30:44.471Z	.svelte-kit/output/client/_app/immutable/nodes/13.C6-2GRlh.js                         433.78 kB │ gzip: 148.52 kB
2025-12-31T02:30:44.471Z	✓ built in 14.27s
2025-12-31T02:30:45.814Z	.svelte-kit/output/server/.vite/manifest.json                                                                     17.15 kB
2025-12-31T02:30:45.814Z	.svelte-kit/output/server/_app/immutable/assets/dyslexic_bold.T9ivnrk-.woff2                                      19.53 kB
2025-12-31T02:30:45.814Z	.svelte-kit/output/server/_app/immutable/assets/dyslexic.D7oQwCA_.woff2                                           20.34 kB
2025-12-31T02:30:45.814Z	.svelte-kit/output/server/_app/immutable/assets/dyslexic_italic.lZojiKrH.woff2                                    34.58 kB
2025-12-31T02:30:45.814Z	.svelte-kit/output/server/_app/immutable/assets/modern_wide.BQaDgvhP.woff2                                        92.16 kB
2025-12-31T02:30:45.814Z	.svelte-kit/output/server/_app/immutable/assets/modern_dense_italic.YHcttvUM.woff2                               118.38 kB
2025-12-31T02:30:45.814Z	.svelte-kit/output/server/_app/immutable/assets/modern_dense.BGlTxNYR.woff2                                      124.73 kB
2025-12-31T02:30:45.814Z	.svelte-kit/output/server/_app/immutable/assets/serif_italic.CnWNBbgE.woff2                                      139.43 kB
2025-12-31T02:30:45.814Z	.svelte-kit/output/server/_app/immutable/assets/serif.6HcgqieP.woff2                                             176.52 kB
2025-12-31T02:30:45.814Z	.svelte-kit/output/server/_app/immutable/assets/pdf.worker.CSHkrWs3.mjs                                        1,960.72 kB
2025-12-31T02:30:45.814Z	.svelte-kit/output/server/_app/immutable/assets/_page.CV4Ux82D.css                                                 2.36 kB
2025-12-31T02:30:45.814Z	.svelte-kit/output/server/_app/immutable/assets/_page.UihTZEHF.css                                                 4.85 kB
2025-12-31T02:30:45.814Z	.svelte-kit/output/server/_app/immutable/assets/watch.DOzXNb6P.css                                                21.05 kB
2025-12-31T02:30:45.814Z	.svelte-kit/output/server/_app/immutable/assets/app.D1GVlWqc.css                                                  97.51 kB
2025-12-31T02:30:45.814Z	.svelte-kit/output/server/chunks/false.js                                                                          0.05 kB
2025-12-31T02:30:45.814Z	.svelte-kit/output/server/entries/fallbacks/layout.svelte.js                                                       0.17 kB
2025-12-31T02:30:45.814Z	.svelte-kit/output/server/entries/pages/(protected)/(fullscreen)/_layout.svelte.js                                 0.17 kB
2025-12-31T02:30:45.814Z	.svelte-kit/output/server/entries/pages/(protected)/(sidebar)/admin/_layout.server.js                              0.31 kB
2025-12-31T02:30:45.815Z	.svelte-kit/output/server/internal.js                                                                              0.33 kB
2025-12-31T02:30:45.815Z	.svelte-kit/output/server/chunks/equality.js                                                                       0.33 kB
2025-12-31T02:30:45.815Z	.svelte-kit/output/server/chunks/state.svelte.js                                                                   0.39 kB
2025-12-31T02:30:45.815Z	.svelte-kit/output/server/chunks/log.js                                                                            0.42 kB
2025-12-31T02:30:45.815Z	.svelte-kit/output/server/chunks/environment.js                                                                    0.62 kB
2025-12-31T02:30:45.815Z	.svelte-kit/output/server/chunks/card-content.js                                                                   0.63 kB
2025-12-31T02:30:45.815Z	.svelte-kit/output/server/chunks/client.js                                                                         0.64 kB
2025-12-31T02:30:45.815Z	.svelte-kit/output/server/entries/fallbacks/error.svelte.js                                                        0.66 kB
2025-12-31T02:30:45.815Z	.svelte-kit/output/server/chunks/card-description.js                                                               0.67 kB
2025-12-31T02:30:45.815Z	.svelte-kit/output/server/entries/pages/(protected)/_layout.server.js                                              0.74 kB
2025-12-31T02:30:45.815Z	.svelte-kit/output/server/chunks/config.js                                                                         0.88 kB
2025-12-31T02:30:45.815Z	.svelte-kit/output/server/entries/pages/(auth)/sign-in/_page.server.js                                             0.97 kB
2025-12-31T02:30:45.815Z	.svelte-kit/output/server/entries/endpoints/api/data/_project_/_server.js                                          1.01 kB
2025-12-31T02:30:45.815Z	.svelte-kit/output/server/entries/endpoints/api/data/_project_/nodes/_server.js                                    1.02 kB
2025-12-31T02:30:45.815Z	.svelte-kit/output/server/chunks/card.js                                                                           1.11 kB
2025-12-31T02:30:45.815Z	.svelte-kit/output/server/chunks/utils.js                                                                          1.15 kB
2025-12-31T02:30:45.815Z	.svelte-kit/output/server/entries/pages/(protected)/(sidebar)/dashboard/graph/_page.server.js                      1.17 kB
2025-12-31T02:30:45.815Z	.svelte-kit/output/server/chunks/card-title.js                                                                     1.31 kB
2025-12-31T02:30:45.815Z	.svelte-kit/output/server/chunks/index.js                                                                          1.46 kB
2025-12-31T02:30:45.815Z	.svelte-kit/output/server/chunks/hooks.server.js                                                                   2.06 kB
2025-12-31T02:30:45.815Z	.svelte-kit/output/server/entries/pages/(public)/_layout.svelte.js                                                 2.32 kB
2025-12-31T02:30:45.815Z	.svelte-kit/output/server/entries/endpoints/api/density-analysis/_server.js                                        2.53 kB
2025-12-31T02:30:45.815Z	.svelte-kit/output/server/entries/endpoints/(auth)/callback/_server.js                                             2.79 kB
2025-12-31T02:30:45.815Z	.svelte-kit/output/server/chunks/watch.svelte.js                                                                   2.92 kB
2025-12-31T02:30:45.815Z	.svelte-kit/output/server/chunks/client.svelte.js                                                                  3.02 kB
2025-12-31T02:30:45.815Z	.svelte-kit/output/server/chunks/context.js                                                                        3.03 kB
2025-12-31T02:30:45.815Z	.svelte-kit/output/server/chunks/separator.js                                                                      3.31 kB
2025-12-31T02:30:45.815Z	.svelte-kit/output/server/entries/pages/(auth)/sign-in/_page.svelte.js                                             3.41 kB
2025-12-31T02:30:45.815Z	.svelte-kit/output/server/entries/pages/(protected)/(sidebar)/dashboard/settings/_page.svelte.js                   3.85 kB
2025-12-31T02:30:45.815Z	.svelte-kit/output/server/chunks/attrs.js                                                                          4.20 kB
2025-12-31T02:30:45.815Z	.svelte-kit/output/server/entries/pages/(protected)/(sidebar)/dashboard/graph/_page.svelte.js                      4.23 kB
2025-12-31T02:30:45.815Z	.svelte-kit/output/server/chunks/button.js                                                                         4.32 kB
2025-12-31T02:30:45.815Z	.svelte-kit/output/server/entries/pages/(protected)/(sidebar)/admin/_page.svelte.js                                4.80 kB
2025-12-31T02:30:45.816Z	.svelte-kit/output/server/entries/pages/(protected)/(sidebar)/dashboard/analysis/_page.svelte.js                   5.23 kB
2025-12-31T02:30:45.818Z	.svelte-kit/output/server/chunks/exports.js                                                                        5.57 kB
2025-12-31T02:30:45.818Z	.svelte-kit/output/server/chunks/auth.js                                                                           5.84 kB
2025-12-31T02:30:45.818Z	.svelte-kit/output/server/entries/pages/_layout.svelte.js                                                          6.10 kB
2025-12-31T02:30:45.818Z	.svelte-kit/output/server/entries/pages/(protected)/(sidebar)/dashboard/_page.svelte.js                            6.83 kB
2025-12-31T02:30:45.818Z	.svelte-kit/output/server/entries/pages/(public)/_page.svelte.js                                                   7.34 kB
2025-12-31T02:30:45.818Z	.svelte-kit/output/server/entries/pages/(protected)/(sidebar)/_layout.svelte.js                                    8.55 kB
2025-12-31T02:30:45.818Z	.svelte-kit/output/server/chunks/create-id.js                                                                      8.98 kB
2025-12-31T02:30:45.819Z	.svelte-kit/output/server/entries/pages/(protected)/(sidebar)/admin/users/_page.svelte.js                         12.43 kB
2025-12-31T02:30:45.819Z	.svelte-kit/output/server/chunks/shared.js                                                                        17.70 kB
2025-12-31T02:30:45.819Z	.svelte-kit/output/server/remote-entry.js                                                                         18.87 kB
2025-12-31T02:30:45.819Z	.svelte-kit/output/server/chunks/GraphVisualization.js                                                            26.95 kB
2025-12-31T02:30:45.819Z	.svelte-kit/output/server/chunks/internal.js                                                                      28.97 kB
2025-12-31T02:30:45.819Z	.svelte-kit/output/server/chunks/index2.js                                                                        32.74 kB
2025-12-31T02:30:45.819Z	.svelte-kit/output/server/chunks/events.js                                                                        52.50 kB
2025-12-31T02:30:45.819Z	.svelte-kit/output/server/entries/pages/(protected)/(sidebar)/dashboard/analysis/density/_page.svelte.js          55.02 kB
2025-12-31T02:30:45.819Z	.svelte-kit/output/server/index.js                                                                               126.68 kB
2025-12-31T02:30:45.819Z	.svelte-kit/output/server/entries/pages/(protected)/(fullscreen)/dashboard/graph/project/_id_/_page.svelte.js    286.92 kB
2025-12-31T02:30:45.819Z	✓ built in 36.17s
2025-12-31T02:30:45.819Z	
2025-12-31T02:30:45.819Z	Run npm run preview to preview your production build locally.
2025-12-31T02:30:45.835Z	
2025-12-31T02:30:45.835Z	> Using @sveltejs/adapter-cloudflare
2025-12-31T02:30:46.056Z	  ✔ done
2025-12-31T02:30:46.286Z	Success: Build command completed
2025-12-31T02:30:46.363Z	Executing user deploy command: npx wrangler deploy
2025-12-31T02:30:48.240Z	
2025-12-31T02:30:48.241Z	 ⛅️ wrangler 4.56.0
2025-12-31T02:30:48.241Z	───────────────────
2025-12-31T02:30:48.310Z	▲ [WARNING] Failed to match Worker name. Your config file is using the Worker name "my-svelte-app", but the CI system expected "data-viz-dash". Overriding using the CI provided Worker name. Workers Builds connected builds will attempt to open a pull request to resolve this config name mismatch.
2025-12-31T02:30:48.310Z	
2025-12-31T02:30:48.310Z	
2025-12-31T02:30:49.170Z	▲ [WARNING] The package "node:crypto" wasn't found on the file system but is built into node.
2025-12-31T02:30:49.171Z	
2025-12-31T02:30:49.171Z	  Your Worker may throw errors at runtime unless you enable the "nodejs_compat" compatibility flag. Refer to https://developers.cloudflare.com/workers/runtime-apis/nodejs/ for more details. Imported from:
2025-12-31T02:30:49.171Z	   - .svelte-kit/output/server/chunks/index2.js
2025-12-31T02:30:49.171Z	
2025-12-31T02:30:49.171Z	
2025-12-31T02:30:49.173Z	
2025-12-31T02:30:49.175Z	✘ [ERROR] Build failed with 2 errors:
2025-12-31T02:30:49.175Z	
2025-12-31T02:30:49.175Z	  ✘ [ERROR] Could not resolve "fs"
2025-12-31T02:30:49.175Z	  
2025-12-31T02:30:49.175Z	      .svelte-kit/output/server/entries/pages/(protected)/(sidebar)/dashboard/graph/_page.server.js:1:15:
2025-12-31T02:30:49.175Z	        1 │ import fs from "fs";
2025-12-31T02:30:49.175Z	          ╵                ~~~~
2025-12-31T02:30:49.175Z	  
2025-12-31T02:30:49.175Z	    The package "fs" wasn't found on the file system but is built into node.
2025-12-31T02:30:49.175Z	    - Add the "nodejs_compat" compatibility flag to your project.
2025-12-31T02:30:49.175Z	    
2025-12-31T02:30:49.175Z	  
2025-12-31T02:30:49.175Z	  
2025-12-31T02:30:49.175Z	  ✘ [ERROR] Could not resolve "path"
2025-12-31T02:30:49.175Z	  
2025-12-31T02:30:49.175Z	      .svelte-kit/output/server/entries/pages/(protected)/(sidebar)/dashboard/graph/_page.server.js:2:17:
2025-12-31T02:30:49.175Z	        2 │ import path from "path";
2025-12-31T02:30:49.175Z	          ╵                  ~~~~~~
2025-12-31T02:30:49.175Z	  
2025-12-31T02:30:49.175Z	    The package "path" wasn't found on the file system but is built into node.
2025-12-31T02:30:49.175Z	    - Add the "nodejs_compat" compatibility flag to your project.
2025-12-31T02:30:49.176Z	    
2025-12-31T02:30:49.176Z	  
2025-12-31T02:30:49.176Z	  
2025-12-31T02:30:49.176Z	
2025-12-31T02:30:49.176Z	
2025-12-31T02:30:49.176Z	
2025-12-31T02:30:49.176Z	Cloudflare collects anonymous telemetry about your usage of Wrangler. Learn more at https://github.com/cloudflare/workers-sdk/tree/main/packages/wrangler/telemetry.md
2025-12-31T02:30:49.190Z	🪵  Logs were written to "/opt/buildhome/.config/.wrangler/logs/wrangler-2025-12-31_02-30-47_811.log"
2025-12-31T02:30:49.231Z	Failed: error occurred while running deploy command