2026-01-04T00:35:37.995Z	Initializing build environment...
2026-01-04T00:35:39.471Z	Success: Finished initializing build environment
2026-01-04T00:35:39.988Z	Cloning repository...
2026-01-04T00:35:43.174Z	Detected the following tools from environment: npm@10.9.2, nodejs@22.16.0
2026-01-04T00:35:43.176Z	Restoring from dependencies cache
2026-01-04T00:35:43.179Z	Restoring from build output cache
2026-01-04T00:35:43.549Z	Installing project dependencies: npm clean-install --progress=false
2026-01-04T00:35:46.184Z	npm warn deprecated whatwg-encoding@3.1.1: Use @exodus/bytes instead for a more spec-conformant and faster implementation
2026-01-04T00:35:37.995Z	Initializing build environment...
2026-01-04T00:35:39.471Z	Success: Finished initializing build environment
2026-01-04T00:35:39.988Z	Cloning repository...
2026-01-04T00:35:43.174Z	Detected the following tools from environment: npm@10.9.2, nodejs@22.16.0
2026-01-04T00:35:43.176Z	Restoring from dependencies cache
2026-01-04T00:35:43.179Z	Restoring from build output cache
2026-01-04T00:35:43.549Z	Installing project dependencies: npm clean-install --progress=false
2026-01-04T00:35:46.184Z	npm warn deprecated whatwg-encoding@3.1.1: Use @exodus/bytes instead for a more spec-conformant and faster implementation
2026-01-04T00:36:08.957Z	
2026-01-04T00:36:08.957Z	> my-svelte-app@0.0.1 prepare
2026-01-04T00:36:08.957Z	> svelte-kit sync || echo ''
2026-01-04T00:36:08.957Z	
2026-01-04T00:36:11.436Z	
2026-01-04T00:36:11.437Z	added 442 packages, and audited 443 packages in 27s
2026-01-04T00:36:11.440Z	
2026-01-04T00:36:11.440Z	123 packages are looking for funding
2026-01-04T00:36:11.440Z	  run `npm fund` for details
2026-01-04T00:36:11.471Z	
2026-01-04T00:36:11.471Z	13 vulnerabilities (7 low, 6 moderate)
2026-01-04T00:36:11.471Z	
2026-01-04T00:36:11.471Z	To address issues that do not require attention, run:
2026-01-04T00:36:11.472Z	  npm audit fix
2026-01-04T00:36:11.474Z	
2026-01-04T00:36:11.474Z	To address all issues (including breaking changes), run:
2026-01-04T00:36:11.474Z	  npm audit fix --force
2026-01-04T00:36:11.474Z	
2026-01-04T00:36:11.475Z	Run `npm audit` for details.
2026-01-04T00:36:11.757Z	Executing user build command: npm run build
2026-01-04T00:36:12.003Z	
2026-01-04T00:36:12.006Z	> my-svelte-app@0.0.1 build
2026-01-04T00:36:12.006Z	> vite build
2026-01-04T00:36:12.006Z	
2026-01-04T00:36:14.073Z	vite v7.3.0 building ssr environment for production...
2026-01-04T00:36:14.130Z	transforming...
2026-01-04T00:36:14.620Z	The glob option "as" has been deprecated in favour of "query". Please update `as: 'raw'` to `query: '?raw', import: 'default'`.
2026-01-04T00:36:22.531Z	12:36:22 AM [vite-plugin-svelte] src/routes/(protected)/(sidebar)/admin/tours/[projectId]/+page.svelte:997:32 A form label must be associated with a control
2026-01-04T00:36:22.532Z	https://svelte.dev/e/a11y_label_has_associated_control
2026-01-04T00:36:22.532Z	 995:                             <!-- Position & Size -->
2026-01-04T00:36:22.532Z	 996:                             <div class="space-y-2">
2026-01-04T00:36:22.532Z	 997:                                 <label class="text-xs text-white/50 block font-bold uppercase">Abmessungen</label>
2026-01-04T00:36:22.532Z	                                                                                                                        ^
2026-01-04T00:36:22.532Z	 998:                                 <div class="grid grid-cols-2 gap-2">
2026-01-04T00:36:22.532Z	 999:                                     <div>
2026-01-04T00:36:22.533Z	12:36:22 AM [vite-plugin-svelte] src/routes/(protected)/(sidebar)/admin/tours/[projectId]/+page.svelte:1054:32 A form label must be associated with a control
2026-01-04T00:36:22.533Z	https://svelte.dev/e/a11y_label_has_associated_control
2026-01-04T00:36:22.533Z	1052:                             <!-- Stroke -->
2026-01-04T00:36:22.533Z	1053:                             <div class="space-y-2">
2026-01-04T00:36:22.533Z	1054:                                 <label class="text-xs text-white/50 block font-bold uppercase">Linie</label>
2026-01-04T00:36:22.533Z	                                                                                                                  ^
2026-01-04T00:36:22.533Z	1055:                                 
2026-01-04T00:36:22.533Z	1056:                                 <!-- Quick Palette -->
2026-01-04T00:36:22.535Z	12:36:22 AM [vite-plugin-svelte] src/routes/(protected)/(sidebar)/admin/tours/[projectId]/+page.svelte:1130:36 A form label must be associated with a control
2026-01-04T00:36:22.535Z	https://svelte.dev/e/a11y_label_has_associated_control
2026-01-04T00:36:22.535Z	1128:                             {#if ann.type !== 'arrow' && ann.type !== 'draw' && ann.type !== 'text'}
2026-01-04T00:36:22.535Z	1129:                                 <div class="space-y-2 border-t border-white/10 pt-2">
2026-01-04T00:36:22.535Z	1130:                                     <label class="text-xs text-white/50 block font-bold uppercase">Füllung</label>
2026-01-04T00:36:22.536Z	                                                                                                                        ^
2026-01-04T00:36:22.536Z	1131:                                     
2026-01-04T00:36:22.536Z	1132:                                     <!-- Quick Palette -->
2026-01-04T00:36:22.536Z	12:36:22 AM [vite-plugin-svelte] src/routes/(protected)/(sidebar)/admin/tours/[projectId]/+page.svelte:1160:32 A form label must be associated with a control
2026-01-04T00:36:22.536Z	https://svelte.dev/e/a11y_label_has_associated_control
2026-01-04T00:36:22.536Z	1158:                             <!-- Geometry -->
2026-01-04T00:36:22.536Z	1159:                             <div class="space-y-2 border-t border-white/10 pt-2">
2026-01-04T00:36:22.536Z	1160:                                 <label class="text-xs text-white/50 block font-bold uppercase">Geometrie</label>
2026-01-04T00:36:22.536Z	                                                                                                                      ^
2026-01-04T00:36:22.536Z	1161:                                 <div class="grid grid-cols-2 gap-2">
2026-01-04T00:36:22.537Z	1162:                                     <div>
2026-01-04T00:36:22.537Z	12:36:22 AM [vite-plugin-svelte] src/routes/(protected)/(sidebar)/admin/tours/[projectId]/+page.svelte:1163:40 A form label must be associated with a control
2026-01-04T00:36:22.537Z	https://svelte.dev/e/a11y_label_has_associated_control
2026-01-04T00:36:22.537Z	1161:                                 <div class="grid grid-cols-2 gap-2">
2026-01-04T00:36:22.537Z	1162:                                     <div>
2026-01-04T00:36:22.537Z	1163:                                         <label class="text-[10px] text-white/40">Breite</label>
2026-01-04T00:36:22.537Z	                                                                                                     ^
2026-01-04T00:36:22.538Z	1164:                                         <input type="number" bind:value={ann.width} class="w-full bg-white/5 rounded px-2 py-1 text-xs text-white border border-white/10" />
2026-01-04T00:36:22.538Z	1165:                                     </div>
2026-01-04T00:36:22.538Z	12:36:22 AM [vite-plugin-svelte] src/routes/(protected)/(sidebar)/admin/tours/[projectId]/+page.svelte:1167:40 A form label must be associated with a control
2026-01-04T00:36:22.538Z	https://svelte.dev/e/a11y_label_has_associated_control
2026-01-04T00:36:22.538Z	1165:                                     </div>
2026-01-04T00:36:22.538Z	1166:                                     <div>
2026-01-04T00:36:22.538Z	1167:                                         <label class="text-[10px] text-white/40">Höhe</label>
2026-01-04T00:36:22.538Z	                                                                                                   ^
2026-01-04T00:36:22.538Z	1168:                                         <input type="number" bind:value={ann.height} class="w-full bg-white/5 rounded px-2 py-1 text-xs text-white border border-white/10" />
2026-01-04T00:36:22.538Z	1169:                                     </div>
2026-01-04T00:36:22.539Z	12:36:22 AM [vite-plugin-svelte] src/routes/(protected)/(sidebar)/admin/tours/[projectId]/+page.svelte:1171:40 A form label must be associated with a control
2026-01-04T00:36:22.541Z	https://svelte.dev/e/a11y_label_has_associated_control
2026-01-04T00:36:22.541Z	1169:                                     </div>
2026-01-04T00:36:22.546Z	1170:                                     <div>
2026-01-04T00:36:22.546Z	1171:                                         <label class="text-[10px] text-white/40">Rotation</label>
2026-01-04T00:36:22.554Z	                                                                                                       ^
2026-01-04T00:36:22.554Z	1172:                                         <input type="number" bind:value={ann.rotation} class="w-full bg-white/5 rounded px-2 py-1 text-xs text-white border border-white/10" />
2026-01-04T00:36:22.554Z	1173:                                     </div>
2026-01-04T00:36:22.554Z	12:36:22 AM [vite-plugin-svelte] src/lib/components/ui/data-table/data-table.svelte:47:17 This reference only captures the initial value of `columns`. Did you mean to reference it inside a closure instead?
2026-01-04T00:36:22.554Z	https://svelte.dev/e/state_referenced_locally
2026-01-04T00:36:22.554Z	45:             return data;
2026-01-04T00:36:22.554Z	46:         },
2026-01-04T00:36:22.554Z	47:         columns: columns as ColumnDef<TData, any>[],
2026-01-04T00:36:22.554Z	                            ^
2026-01-04T00:36:22.555Z	48:         state: {
2026-01-04T00:36:22.555Z	49:             get sorting() {
2026-01-04T00:36:43.679Z	"hexbin" is imported from external module "d3-hexbin" but never used in "src/lib/components/analysis/DensityMap.svelte".
2026-01-04T00:36:43.681Z	✓ 10558 modules transformed.
2026-01-04T00:36:43.958Z	rendering chunks...
2026-01-04T00:36:45.614Z	vite v7.3.0 building client environment for production...
2026-01-04T00:36:45.622Z	transforming...
2026-01-04T00:36:48.989Z	12:36:48 AM [vite-plugin-svelte] src/routes/(protected)/(sidebar)/admin/tours/[projectId]/+page.svelte:997:32 A form label must be associated with a control
2026-01-04T00:36:48.989Z	https://svelte.dev/e/a11y_label_has_associated_control
2026-01-04T00:36:48.990Z	 995:                             <!-- Position & Size -->
2026-01-04T00:36:48.992Z	 996:                             <div class="space-y-2">
2026-01-04T00:36:48.992Z	 997:                                 <label class="text-xs text-white/50 block font-bold uppercase">Abmessungen</label>
2026-01-04T00:36:48.992Z	                                                                                                                        ^
2026-01-04T00:36:48.992Z	 998:                                 <div class="grid grid-cols-2 gap-2">
2026-01-04T00:36:48.993Z	 999:                                     <div>
2026-01-04T00:36:48.993Z	12:36:48 AM [vite-plugin-svelte] src/routes/(protected)/(sidebar)/admin/tours/[projectId]/+page.svelte:1054:32 A form label must be associated with a control
2026-01-04T00:36:48.993Z	https://svelte.dev/e/a11y_label_has_associated_control
2026-01-04T00:36:48.993Z	1052:                             <!-- Stroke -->
2026-01-04T00:36:48.993Z	1053:                             <div class="space-y-2">
2026-01-04T00:36:48.993Z	1054:                                 <label class="text-xs text-white/50 block font-bold uppercase">Linie</label>
2026-01-04T00:36:48.993Z	                                                                                                                  ^
2026-01-04T00:36:48.994Z	1055:                                 
2026-01-04T00:36:48.994Z	1056:                                 <!-- Quick Palette -->
2026-01-04T00:36:48.994Z	12:36:48 AM [vite-plugin-svelte] src/routes/(protected)/(sidebar)/admin/tours/[projectId]/+page.svelte:1130:36 A form label must be associated with a control
2026-01-04T00:36:48.994Z	https://svelte.dev/e/a11y_label_has_associated_control
2026-01-04T00:36:48.995Z	1128:                             {#if ann.type !== 'arrow' && ann.type !== 'draw' && ann.type !== 'text'}
2026-01-04T00:36:48.995Z	1129:                                 <div class="space-y-2 border-t border-white/10 pt-2">
2026-01-04T00:36:48.995Z	1130:                                     <label class="text-xs text-white/50 block font-bold uppercase">Füllung</label>
2026-01-04T00:36:48.995Z	                                                                                                                        ^
2026-01-04T00:36:48.995Z	1131:                                     
2026-01-04T00:36:48.995Z	1132:                                     <!-- Quick Palette -->
2026-01-04T00:36:48.995Z	12:36:48 AM [vite-plugin-svelte] src/routes/(protected)/(sidebar)/admin/tours/[projectId]/+page.svelte:1160:32 A form label must be associated with a control
2026-01-04T00:36:48.995Z	https://svelte.dev/e/a11y_label_has_associated_control
2026-01-04T00:36:48.996Z	1158:                             <!-- Geometry -->
2026-01-04T00:36:48.996Z	1159:                             <div class="space-y-2 border-t border-white/10 pt-2">
2026-01-04T00:36:48.996Z	1160:                                 <label class="text-xs text-white/50 block font-bold uppercase">Geometrie</label>
2026-01-04T00:36:48.996Z	                                                                                                                      ^
2026-01-04T00:36:48.996Z	1161:                                 <div class="grid grid-cols-2 gap-2">
2026-01-04T00:36:48.996Z	1162:                                     <div>
2026-01-04T00:36:48.996Z	12:36:48 AM [vite-plugin-svelte] src/routes/(protected)/(sidebar)/admin/tours/[projectId]/+page.svelte:1163:40 A form label must be associated with a control
2026-01-04T00:36:48.996Z	https://svelte.dev/e/a11y_label_has_associated_control
2026-01-04T00:36:48.996Z	1161:                                 <div class="grid grid-cols-2 gap-2">
2026-01-04T00:36:48.996Z	1162:                                     <div>
2026-01-04T00:36:48.996Z	1163:                                         <label class="text-[10px] text-white/40">Breite</label>
2026-01-04T00:36:48.996Z	                                                                                                     ^
2026-01-04T00:36:48.996Z	1164:                                         <input type="number" bind:value={ann.width} class="w-full bg-white/5 rounded px-2 py-1 text-xs text-white border border-white/10" />
2026-01-04T00:36:48.997Z	1165:                                     </div>
2026-01-04T00:36:48.997Z	12:36:48 AM [vite-plugin-svelte] src/routes/(protected)/(sidebar)/admin/tours/[projectId]/+page.svelte:1167:40 A form label must be associated with a control
2026-01-04T00:36:48.997Z	https://svelte.dev/e/a11y_label_has_associated_control
2026-01-04T00:36:48.997Z	1165:                                     </div>
2026-01-04T00:36:48.997Z	1166:                                     <div>
2026-01-04T00:36:48.997Z	1167:                                         <label class="text-[10px] text-white/40">Höhe</label>
2026-01-04T00:36:48.997Z	                                                                                                   ^
2026-01-04T00:36:48.997Z	1168:                                         <input type="number" bind:value={ann.height} class="w-full bg-white/5 rounded px-2 py-1 text-xs text-white border border-white/10" />
2026-01-04T00:36:48.997Z	1169:                                     </div>
2026-01-04T00:36:48.997Z	12:36:48 AM [vite-plugin-svelte] src/routes/(protected)/(sidebar)/admin/tours/[projectId]/+page.svelte:1171:40 A form label must be associated with a control
2026-01-04T00:36:48.997Z	https://svelte.dev/e/a11y_label_has_associated_control
2026-01-04T00:36:48.997Z	1169:                                     </div>
2026-01-04T00:36:48.997Z	1170:                                     <div>
2026-01-04T00:36:48.997Z	1171:                                         <label class="text-[10px] text-white/40">Rotation</label>
2026-01-04T00:36:48.998Z	                                                                                                       ^
2026-01-04T00:36:48.998Z	1172:                                         <input type="number" bind:value={ann.rotation} class="w-full bg-white/5 rounded px-2 py-1 text-xs text-white border border-white/10" />
2026-01-04T00:36:48.998Z	1173:                                     </div>
2026-01-04T00:36:48.998Z	12:36:48 AM [vite-plugin-svelte] src/lib/components/ui/data-table/data-table.svelte:47:17 This reference only captures the initial value of `columns`. Did you mean to reference it inside a closure instead?
2026-01-04T00:36:48.998Z	https://svelte.dev/e/state_referenced_locally
2026-01-04T00:36:48.998Z	45:             return data;
2026-01-04T00:36:48.998Z	46:         },
2026-01-04T00:36:48.998Z	47:         columns: columns as ColumnDef<TData, any>[],
2026-01-04T00:36:48.998Z	                            ^
2026-01-04T00:36:48.998Z	48:         state: {
2026-01-04T00:36:48.998Z	49:             get sorting() {
2026-01-04T00:37:28.208Z	✓ 11275 modules transformed.
2026-01-04T00:37:29.300Z	rendering chunks...
2026-01-04T00:37:29.947Z	computing gzip size...
2026-01-04T00:37:30.025Z	.svelte-kit/output/client/_app/version.json                                             0.03 kB │ gzip:   0.05 kB
2026-01-04T00:37:30.026Z	.svelte-kit/output/client/_app/immutable/assets/dyslexic_bold.T9ivnrk-.woff2           19.53 kB
2026-01-04T00:37:30.027Z	.svelte-kit/output/client/_app/immutable/assets/dyslexic.D7oQwCA_.woff2                20.34 kB
2026-01-04T00:37:30.028Z	.svelte-kit/output/client/_app/immutable/assets/dyslexic_italic.lZojiKrH.woff2         34.58 kB
2026-01-04T00:37:30.028Z	.svelte-kit/output/client/.vite/manifest.json                                          40.80 kB │ gzip:   4.27 kB
2026-01-04T00:37:30.028Z	.svelte-kit/output/client/_app/immutable/assets/modern_wide.BQaDgvhP.woff2             92.16 kB
2026-01-04T00:37:30.029Z	.svelte-kit/output/client/_app/immutable/assets/modern_dense_italic.YHcttvUM.woff2    118.38 kB
2026-01-04T00:37:30.032Z	.svelte-kit/output/client/_app/immutable/assets/modern_dense.BGlTxNYR.woff2           124.73 kB
2026-01-04T00:37:30.032Z	.svelte-kit/output/client/_app/immutable/assets/serif_italic.CnWNBbgE.woff2           139.43 kB
2026-01-04T00:37:30.032Z	.svelte-kit/output/client/_app/immutable/assets/serif.6HcgqieP.woff2                  176.52 kB
2026-01-04T00:37:30.032Z	.svelte-kit/output/client/_app/immutable/assets/pdf.worker.CSHkrWs3.mjs             1,960.72 kB
2026-01-04T00:37:30.032Z	.svelte-kit/output/client/_app/immutable/assets/7.C6XpIQV4.css                          0.03 kB │ gzip:   0.05 kB
2026-01-04T00:37:30.032Z	.svelte-kit/output/client/_app/immutable/assets/17.DUmMNs-a.css                         0.34 kB │ gzip:   0.18 kB
2026-01-04T00:37:30.033Z	.svelte-kit/output/client/_app/immutable/assets/12.CGIfB2io.css                         0.56 kB │ gzip:   0.20 kB
2026-01-04T00:37:30.033Z	.svelte-kit/output/client/_app/immutable/assets/16.CWf9F--j.css                         1.31 kB │ gzip:   0.61 kB
2026-01-04T00:37:30.033Z	.svelte-kit/output/client/_app/immutable/assets/9.2zsMa2cu.css                          1.76 kB │ gzip:   0.60 kB
2026-01-04T00:37:30.033Z	.svelte-kit/output/client/_app/immutable/assets/0.BcBEMxI2.css                         21.38 kB │ gzip:   4.57 kB
2026-01-04T00:37:30.033Z	.svelte-kit/output/client/_app/immutable/assets/Pagination.CdjVyQAT.css                44.55 kB │ gzip:   7.45 kB
2026-01-04T00:37:30.033Z	.svelte-kit/output/client/_app/immutable/assets/app.C9hMFeZP.css                      164.64 kB │ gzip:  24.85 kB
2026-01-04T00:37:30.033Z	.svelte-kit/output/client/_app/immutable/chunks/B3evuGxX.js                             0.06 kB │ gzip:   0.07 kB
2026-01-04T00:37:30.033Z	.svelte-kit/output/client/_app/immutable/nodes/2.hVJCP0Ih.js                            0.07 kB │ gzip:   0.08 kB
2026-01-04T00:37:30.033Z	.svelte-kit/output/client/_app/immutable/nodes/5.hVJCP0Ih.js                            0.07 kB │ gzip:   0.08 kB
2026-01-04T00:37:30.033Z	.svelte-kit/output/client/_app/immutable/chunks/CEZ1D5O0.js                             0.10 kB │ gzip:   0.12 kB
2026-01-04T00:37:30.033Z	.svelte-kit/output/client/_app/immutable/entry/start.8h3Do-FP.js                        0.12 kB │ gzip:   0.11 kB
2026-01-04T00:37:30.033Z	.svelte-kit/output/client/_app/immutable/chunks/Cz1F0OZG.js                             0.19 kB │ gzip:   0.16 kB
2026-01-04T00:37:30.033Z	.svelte-kit/output/client/_app/immutable/nodes/3.DL-iVufE.js                            0.22 kB │ gzip:   0.17 kB
2026-01-04T00:37:30.033Z	.svelte-kit/output/client/_app/immutable/chunks/C387BcVt.js                             0.23 kB │ gzip:   0.16 kB
2026-01-04T00:37:30.033Z	.svelte-kit/output/client/_app/immutable/chunks/TInZmh6O.js                             0.26 kB │ gzip:   0.24 kB
2026-01-04T00:37:30.033Z	.svelte-kit/output/client/_app/immutable/chunks/BG8CmQw7.js                             0.33 kB │ gzip:   0.19 kB
2026-01-04T00:37:30.033Z	.svelte-kit/output/client/_app/immutable/chunks/Cg7VKnxH.js                             0.37 kB │ gzip:   0.28 kB
2026-01-04T00:37:30.033Z	.svelte-kit/output/client/_app/immutable/chunks/CxSzsX4u.js                             0.37 kB │ gzip:   0.27 kB
2026-01-04T00:37:30.033Z	.svelte-kit/output/client/_app/immutable/chunks/Qpd0OZi7.js                             0.37 kB │ gzip:   0.27 kB
2026-01-04T00:37:30.033Z	.svelte-kit/output/client/_app/immutable/chunks/DK4UdyBl.js                             0.37 kB │ gzip:   0.27 kB
2026-01-04T00:37:30.033Z	.svelte-kit/output/client/_app/immutable/chunks/DyyEv3mW.js                             0.43 kB │ gzip:   0.29 kB
2026-01-04T00:37:30.033Z	.svelte-kit/output/client/_app/immutable/chunks/BTJ3zwC4.js                             0.44 kB │ gzip:   0.31 kB
2026-01-04T00:37:30.033Z	.svelte-kit/output/client/_app/immutable/nodes/1.068fqzxL.js                            0.46 kB │ gzip:   0.29 kB
2026-01-04T00:37:30.033Z	.svelte-kit/output/client/_app/immutable/chunks/BRCvYK8o.js                             0.46 kB │ gzip:   0.33 kB
2026-01-04T00:37:30.033Z	.svelte-kit/output/client/_app/immutable/chunks/Dt781j5P.js                             0.48 kB │ gzip:   0.34 kB
2026-01-04T00:37:30.040Z	.svelte-kit/output/client/_app/immutable/chunks/Dz9zimxe.js                             0.48 kB │ gzip:   0.34 kB
2026-01-04T00:37:30.040Z	.svelte-kit/output/client/_app/immutable/chunks/XL-bEdSk.js                             0.49 kB │ gzip:   0.34 kB
2026-01-04T00:37:30.040Z	.svelte-kit/output/client/_app/immutable/chunks/Df3qfK2q.js                             0.51 kB │ gzip:   0.34 kB
2026-01-04T00:37:30.040Z	.svelte-kit/output/client/_app/immutable/chunks/Bxfhizhm.js                             0.51 kB │ gzip:   0.34 kB
2026-01-04T00:37:30.040Z	.svelte-kit/output/client/_app/immutable/chunks/BxGBhcEP.js                             0.51 kB │ gzip:   0.35 kB
2026-01-04T00:37:30.040Z	.svelte-kit/output/client/_app/immutable/chunks/CKHhTIIj.js                             0.53 kB │ gzip:   0.36 kB
2026-01-04T00:37:30.040Z	.svelte-kit/output/client/_app/immutable/chunks/B-nDLBc8.js                             0.53 kB │ gzip:   0.34 kB
2026-01-04T00:37:30.041Z	.svelte-kit/output/client/_app/immutable/chunks/tEHNX5Xn.js                             0.54 kB │ gzip:   0.37 kB
2026-01-04T00:37:30.041Z	.svelte-kit/output/client/_app/immutable/chunks/BxuLj1H4.js                             0.55 kB │ gzip:   0.39 kB
2026-01-04T00:37:30.041Z	.svelte-kit/output/client/_app/immutable/chunks/BCF9Okgb.js                             0.56 kB │ gzip:   0.36 kB
2026-01-04T00:37:30.041Z	.svelte-kit/output/client/_app/immutable/chunks/DVBCVk2_.js                             0.57 kB │ gzip:   0.36 kB
2026-01-04T00:37:30.041Z	.svelte-kit/output/client/_app/immutable/chunks/q0Ui5LfO.js                             0.57 kB │ gzip:   0.38 kB
2026-01-04T00:37:30.041Z	.svelte-kit/output/client/_app/immutable/chunks/i25ZKoNw.js                             0.60 kB │ gzip:   0.37 kB
2026-01-04T00:37:30.041Z	.svelte-kit/output/client/_app/immutable/chunks/DphK1L0E.js                             0.61 kB │ gzip:   0.40 kB
2026-01-04T00:37:30.041Z	.svelte-kit/output/client/_app/immutable/chunks/DFTrswG3.js                             0.62 kB │ gzip:   0.39 kB
2026-01-04T00:37:30.041Z	.svelte-kit/output/client/_app/immutable/chunks/C3srVlVe.js                             0.62 kB │ gzip:   0.39 kB
2026-01-04T00:37:30.041Z	.svelte-kit/output/client/_app/immutable/chunks/VzmWzLej.js                             0.62 kB │ gzip:   0.39 kB
2026-01-04T00:37:30.041Z	.svelte-kit/output/client/_app/immutable/chunks/Bi0WKsYl.js                             0.62 kB │ gzip:   0.39 kB
2026-01-04T00:37:30.042Z	.svelte-kit/output/client/_app/immutable/chunks/MVpnHXOv.js                             0.63 kB │ gzip:   0.40 kB
2026-01-04T00:37:30.042Z	.svelte-kit/output/client/_app/immutable/chunks/Dljmm6zK.js                             0.64 kB │ gzip:   0.40 kB
2026-01-04T00:37:30.042Z	.svelte-kit/output/client/_app/immutable/chunks/Bjb3WtC5.js                             0.70 kB │ gzip:   0.41 kB
2026-01-04T00:37:30.042Z	.svelte-kit/output/client/_app/immutable/chunks/BmUq1nAJ.js                             0.72 kB │ gzip:   0.38 kB
2026-01-04T00:37:30.042Z	.svelte-kit/output/client/_app/immutable/chunks/B_i52HNL.js                             0.74 kB │ gzip:   0.42 kB
2026-01-04T00:37:30.042Z	.svelte-kit/output/client/_app/immutable/chunks/BGwPlWj-.js                             0.75 kB │ gzip:   0.44 kB
2026-01-04T00:37:30.042Z	.svelte-kit/output/client/_app/immutable/chunks/BQvHdMbi.js                             0.79 kB │ gzip:   0.48 kB
2026-01-04T00:37:30.043Z	.svelte-kit/output/client/_app/immutable/chunks/EezWH-HW.js                             0.80 kB │ gzip:   0.39 kB
2026-01-04T00:37:30.043Z	.svelte-kit/output/client/_app/immutable/chunks/B64sQCYU.js                             0.85 kB │ gzip:   0.48 kB
2026-01-04T00:37:30.043Z	.svelte-kit/output/client/_app/immutable/chunks/DsurxxJn.js                             0.88 kB │ gzip:   0.51 kB
2026-01-04T00:37:30.043Z	.svelte-kit/output/client/_app/immutable/chunks/De7KPhkR.js                             0.98 kB │ gzip:   0.54 kB
2026-01-04T00:37:30.043Z	.svelte-kit/output/client/_app/immutable/chunks/BlLnYAPl.js                             1.02 kB │ gzip:   0.53 kB
2026-01-04T00:37:30.043Z	.svelte-kit/output/client/_app/immutable/chunks/Bb1T6fpl.js                             1.03 kB │ gzip:   0.51 kB
2026-01-04T00:37:30.043Z	.svelte-kit/output/client/_app/immutable/chunks/BSQE9byo.js                             1.06 kB │ gzip:   0.49 kB
2026-01-04T00:37:30.043Z	.svelte-kit/output/client/_app/immutable/chunks/PPVm8Dsz.js                             1.23 kB │ gzip:   0.71 kB
2026-01-04T00:37:30.043Z	.svelte-kit/output/client/_app/immutable/chunks/CvvoNELE.js                             1.39 kB │ gzip:   0.80 kB
2026-01-04T00:37:30.043Z	.svelte-kit/output/client/_app/immutable/chunks/CyI2N6VF.js                             1.52 kB │ gzip:   0.67 kB
2026-01-04T00:37:30.043Z	.svelte-kit/output/client/_app/immutable/chunks/B_StePdg.js                             1.63 kB │ gzip:   0.83 kB
2026-01-04T00:37:30.043Z	.svelte-kit/output/client/_app/immutable/chunks/DssqDiT0.js                             1.67 kB │ gzip:   0.83 kB
2026-01-04T00:37:30.043Z	.svelte-kit/output/client/_app/immutable/chunks/KvA3gq-9.js                             1.69 kB │ gzip:   0.73 kB
2026-01-04T00:37:30.043Z	.svelte-kit/output/client/_app/immutable/chunks/Dbh2J1Zq.js                             1.71 kB │ gzip:   0.93 kB
2026-01-04T00:37:30.043Z	.svelte-kit/output/client/_app/immutable/chunks/DCBDG-Eq.js                             2.02 kB │ gzip:   0.87 kB
2026-01-04T00:37:30.043Z	.svelte-kit/output/client/_app/immutable/nodes/36.B75MwwKX.js                           2.20 kB │ gzip:   1.03 kB
2026-01-04T00:37:30.043Z	.svelte-kit/output/client/_app/immutable/chunks/5dt2K1fi.js                             2.64 kB │ gzip:   1.32 kB
2026-01-04T00:37:30.043Z	.svelte-kit/output/client/_app/immutable/nodes/18.DRBOUsby.js                           3.11 kB │ gzip:   1.42 kB
2026-01-04T00:37:30.043Z	.svelte-kit/output/client/_app/immutable/nodes/0.Db-9MvIk.js                            3.18 kB │ gzip:   1.42 kB
2026-01-04T00:37:30.043Z	.svelte-kit/output/client/_app/immutable/chunks/BMKAtJsJ.js                             3.27 kB │ gzip:   1.26 kB
2026-01-04T00:37:30.043Z	.svelte-kit/output/client/_app/immutable/nodes/11.C0pYU3Eq.js                           3.51 kB │ gzip:   1.57 kB
2026-01-04T00:37:30.043Z	.svelte-kit/output/client/_app/immutable/nodes/33.DTQepL_I.js                           3.68 kB │ gzip:   1.47 kB
2026-01-04T00:37:30.043Z	.svelte-kit/output/client/_app/immutable/nodes/8.C_ryfFsc.js                            3.82 kB │ gzip:   1.73 kB
2026-01-04T00:37:30.043Z	.svelte-kit/output/client/_app/immutable/nodes/13.COxvN3NL.js                           3.96 kB │ gzip:   1.41 kB
2026-01-04T00:37:30.043Z	.svelte-kit/output/client/_app/immutable/nodes/19.MDrub1rq.js                           4.02 kB │ gzip:   1.27 kB
2026-01-04T00:37:30.043Z	.svelte-kit/output/client/_app/immutable/nodes/6.Bbs7_kVp.js                            4.10 kB │ gzip:   1.41 kB
2026-01-04T00:37:30.044Z	.svelte-kit/output/client/_app/immutable/chunks/BNb0z5EW.js                             4.22 kB │ gzip:   1.73 kB
2026-01-04T00:37:30.044Z	.svelte-kit/output/client/_app/immutable/nodes/23.Bybe-Be4.js                           4.29 kB │ gzip:   1.57 kB
2026-01-04T00:37:30.044Z	.svelte-kit/output/client/_app/immutable/nodes/25.CGDqFUIH.js                           4.35 kB │ gzip:   1.59 kB
2026-01-04T00:37:30.044Z	.svelte-kit/output/client/_app/immutable/nodes/29.wDNGYnMT.js                           4.45 kB │ gzip:   1.36 kB
2026-01-04T00:37:30.044Z	.svelte-kit/output/client/_app/immutable/nodes/20.CwfO5Fd0.js                           4.54 kB │ gzip:   1.61 kB
2026-01-04T00:37:30.044Z	.svelte-kit/output/client/_app/immutable/chunks/LEhalNZZ.js                             4.58 kB │ gzip:   2.06 kB
2026-01-04T00:37:30.044Z	.svelte-kit/output/client/_app/immutable/nodes/21.DLEnxAzc.js                           4.65 kB │ gzip:   1.84 kB
2026-01-04T00:37:30.044Z	.svelte-kit/output/client/_app/immutable/nodes/32.Co8kWSc5.js                           4.92 kB │ gzip:   1.69 kB
2026-01-04T00:37:30.044Z	.svelte-kit/output/client/_app/immutable/nodes/30.DVi6Vjbj.js                           4.94 kB │ gzip:   1.61 kB
2026-01-04T00:37:30.044Z	.svelte-kit/output/client/_app/immutable/nodes/34.xa5PUsMf.js                           5.01 kB │ gzip:   1.66 kB
2026-01-04T00:37:30.044Z	.svelte-kit/output/client/_app/immutable/nodes/24.BhHPLc13.js                           5.12 kB │ gzip:   1.83 kB
2026-01-04T00:37:30.044Z	.svelte-kit/output/client/_app/immutable/nodes/35.C1rhUC3c.js                           5.20 kB │ gzip:   1.91 kB
2026-01-04T00:37:30.044Z	.svelte-kit/output/client/_app/immutable/nodes/28.Cx4y0vVH.js                           5.32 kB │ gzip:   1.45 kB
2026-01-04T00:37:30.044Z	.svelte-kit/output/client/_app/immutable/nodes/31.CZB8dBDI.js                           5.51 kB │ gzip:   1.83 kB
2026-01-04T00:37:30.044Z	.svelte-kit/output/client/_app/immutable/chunks/DaUno0Eq.js                             5.74 kB │ gzip:   2.66 kB
2026-01-04T00:37:30.044Z	.svelte-kit/output/client/_app/immutable/nodes/26.CLAZpXin.js                           5.75 kB │ gzip:   1.89 kB
2026-01-04T00:37:30.044Z	.svelte-kit/output/client/_app/immutable/nodes/7.tc_Wbsmf.js                            6.07 kB │ gzip:   2.38 kB
2026-01-04T00:37:30.044Z	.svelte-kit/output/client/_app/immutable/nodes/27.DwsGMjBW.js                           6.30 kB │ gzip:   1.74 kB
2026-01-04T00:37:30.044Z	.svelte-kit/output/client/_app/immutable/nodes/14.DW0KVwn-.js                           6.54 kB │ gzip:   2.33 kB
2026-01-04T00:37:30.044Z	.svelte-kit/output/client/_app/immutable/chunks/D626A3uY.js                             7.04 kB │ gzip:   3.25 kB
2026-01-04T00:37:30.044Z	.svelte-kit/output/client/_app/immutable/nodes/15.CQRQ0MN3.js                          11.08 kB │ gzip:   3.82 kB
2026-01-04T00:37:30.044Z	.svelte-kit/output/client/_app/immutable/nodes/22.rrIX2RU_.js                          11.62 kB │ gzip:   3.87 kB
2026-01-04T00:37:30.044Z	.svelte-kit/output/client/_app/immutable/nodes/4.BcB_ZqH_.js                           12.20 kB │ gzip:   4.62 kB
2026-01-04T00:37:30.045Z	.svelte-kit/output/client/_app/immutable/entry/app.aZRshBnN.js                         14.16 kB │ gzip:   4.33 kB
2026-01-04T00:37:30.045Z	.svelte-kit/output/client/_app/immutable/nodes/10.bZiHUSBp.js                          15.96 kB │ gzip:   4.90 kB
2026-01-04T00:37:30.045Z	.svelte-kit/output/client/_app/immutable/chunks/DTIuXgeY.js                            23.64 kB │ gzip:   9.21 kB
2026-01-04T00:37:30.045Z	.svelte-kit/output/client/_app/immutable/chunks/Bw5z70_h.js                            25.71 kB │ gzip:  10.22 kB
2026-01-04T00:37:30.045Z	.svelte-kit/output/client/_app/immutable/nodes/12.PxCPCHUw.js                          36.79 kB │ gzip:  11.11 kB
2026-01-04T00:37:30.045Z	.svelte-kit/output/client/_app/immutable/chunks/DRCJ4nVi.js                            43.53 kB │ gzip:  13.80 kB
2026-01-04T00:37:30.045Z	.svelte-kit/output/client/_app/immutable/chunks/DZ4P4fZl.js                            61.60 kB │ gzip:  20.06 kB
2026-01-04T00:37:30.046Z	.svelte-kit/output/client/_app/immutable/chunks/DU68LfDf.js                            73.10 kB │ gzip:  25.52 kB
2026-01-04T00:37:30.046Z	.svelte-kit/output/client/_app/immutable/nodes/9.Bi2PWR-x.js                           79.73 kB │ gzip:  21.06 kB
2026-01-04T00:37:30.046Z	.svelte-kit/output/client/_app/immutable/nodes/16.C4kEns52.js                         149.77 kB │ gzip:  51.44 kB
2026-01-04T00:37:30.046Z	.svelte-kit/output/client/_app/immutable/nodes/17.6AkRBlyV.js                         217.41 kB │ gzip:  63.66 kB
2026-01-04T00:37:30.046Z	.svelte-kit/output/client/_app/immutable/chunks/C9gIkG1C.js                           244.72 kB │ gzip:  84.13 kB
2026-01-04T00:37:30.046Z	.svelte-kit/output/client/_app/immutable/chunks/Dxq976wH.js                           245.59 kB │ gzip:  69.33 kB
2026-01-04T00:37:30.046Z	.svelte-kit/output/client/_app/immutable/chunks/CEWM7r6c.js                           406.65 kB │ gzip: 119.03 kB
2026-01-04T00:37:30.046Z	✓ built in 44.42s
2026-01-04T00:37:31.834Z	.svelte-kit/output/server/_app/immutable/assets/dyslexic_bold.T9ivnrk-.woff2                                      19.53 kB
2026-01-04T00:37:31.834Z	.svelte-kit/output/server/_app/immutable/assets/dyslexic.D7oQwCA_.woff2                                           20.34 kB
2026-01-04T00:37:31.834Z	.svelte-kit/output/server/_app/immutable/assets/dyslexic_italic.lZojiKrH.woff2                                    34.58 kB
2026-01-04T00:37:31.834Z	.svelte-kit/output/server/.vite/manifest.json                                                                     37.76 kB
2026-01-04T00:37:31.834Z	.svelte-kit/output/server/_app/immutable/assets/modern_wide.BQaDgvhP.woff2                                        92.16 kB
2026-01-04T00:37:31.834Z	.svelte-kit/output/server/_app/immutable/assets/modern_dense_italic.YHcttvUM.woff2                               118.38 kB
2026-01-04T00:37:31.834Z	.svelte-kit/output/server/_app/immutable/assets/modern_dense.BGlTxNYR.woff2                                      124.73 kB
2026-01-04T00:37:31.834Z	.svelte-kit/output/server/_app/immutable/assets/serif_italic.CnWNBbgE.woff2                                      139.43 kB
2026-01-04T00:37:31.834Z	.svelte-kit/output/server/_app/immutable/assets/serif.6HcgqieP.woff2                                             176.52 kB
2026-01-04T00:37:31.834Z	.svelte-kit/output/server/_app/immutable/assets/pdf.worker.CSHkrWs3.mjs                                        1,960.72 kB
2026-01-04T00:37:31.834Z	.svelte-kit/output/server/_app/immutable/assets/_layout.C6XpIQV4.css                                               0.03 kB
2026-01-04T00:37:31.834Z	.svelte-kit/output/server/_app/immutable/assets/_page.HudsATSU.css                                                 0.05 kB
2026-01-04T00:37:31.834Z	.svelte-kit/output/server/_app/immutable/assets/_page.CGIfB2io.css                                                 0.56 kB
2026-01-04T00:37:31.835Z	.svelte-kit/output/server/_app/immutable/assets/_page.tSRepbiL.css                                                 1.26 kB
2026-01-04T00:37:31.835Z	.svelte-kit/output/server/_app/immutable/assets/_page.CWf9F--j.css                                                 1.31 kB
2026-01-04T00:37:31.835Z	.svelte-kit/output/server/_app/immutable/assets/_layout.DijKJLfv.css                                              21.41 kB
2026-01-04T00:37:31.835Z	.svelte-kit/output/server/_app/immutable/assets/Tooltip.BgtPy_K3.css                                              42.62 kB
2026-01-04T00:37:31.835Z	.svelte-kit/output/server/_app/immutable/assets/app.Dg2xD3nT.css                                                 162.40 kB
2026-01-04T00:37:31.835Z	.svelte-kit/output/server/chunks/false.js                                                                          0.04 kB
2026-01-04T00:37:31.835Z	.svelte-kit/output/server/chunks/client.js                                                                         0.11 kB
2026-01-04T00:37:31.835Z	.svelte-kit/output/server/entries/fallbacks/layout.svelte.js                                                       0.17 kB
2026-01-04T00:37:31.835Z	.svelte-kit/output/server/entries/pages/(protected)/(fullscreen)/_layout.svelte.js                                 0.17 kB
2026-01-04T00:37:31.835Z	.svelte-kit/output/server/entries/pages/(protected)/(sidebar)/admin/_layout.server.js                              0.31 kB
2026-01-04T00:37:31.835Z	.svelte-kit/output/server/internal.js                                                                              0.33 kB
2026-01-04T00:37:31.835Z	.svelte-kit/output/server/chunks/CardHeader.js                                                                     0.33 kB
2026-01-04T00:37:31.835Z	.svelte-kit/output/server/chunks/CardContent.js                                                                    0.33 kB
2026-01-04T00:37:31.835Z	.svelte-kit/output/server/chunks/CardDescription.js                                                                0.34 kB
2026-01-04T00:37:31.835Z	.svelte-kit/output/server/chunks/state.svelte.js                                                                   0.39 kB
2026-01-04T00:37:31.835Z	.svelte-kit/output/server/chunks/log.js                                                                            0.42 kB
2026-01-04T00:37:31.835Z	.svelte-kit/output/server/chunks/CardTitle.js                                                                      0.44 kB
2026-01-04T00:37:31.835Z	.svelte-kit/output/server/entries/fallbacks/error.svelte.js                                                        0.56 kB
2026-01-04T00:37:31.835Z	.svelte-kit/output/server/chunks/environment.js                                                                    0.62 kB
2026-01-04T00:37:31.837Z	.svelte-kit/output/server/chunks/client2.js                                                                        0.64 kB
2026-01-04T00:37:31.838Z	.svelte-kit/output/server/chunks/bolt.js                                                                           0.68 kB
2026-01-04T00:37:31.838Z	.svelte-kit/output/server/chunks/player-play.js                                                                    0.68 kB
2026-01-04T00:37:31.838Z	.svelte-kit/output/server/chunks/x.js                                                                              0.69 kB
2026-01-04T00:37:31.838Z	.svelte-kit/output/server/chunks/stores.js                                                                         0.69 kB
2026-01-04T00:37:31.838Z	.svelte-kit/output/server/chunks/plus.js                                                                           0.70 kB
2026-01-04T00:37:31.838Z	.svelte-kit/output/server/chunks/menu-2.js                                                                         0.75 kB
2026-01-04T00:37:31.838Z	.svelte-kit/output/server/chunks/arrow-left.js                                                                     0.76 kB
2026-01-04T00:37:31.838Z	.svelte-kit/output/server/chunks/search.js                                                                         0.76 kB
2026-01-04T00:37:31.838Z	.svelte-kit/output/server/chunks/arrow-right.js                                                                    0.76 kB
2026-01-04T00:37:31.838Z	.svelte-kit/output/server/chunks/map.js                                                                            0.76 kB
2026-01-04T00:37:31.838Z	.svelte-kit/output/server/chunks/refresh.js                                                                        0.77 kB
2026-01-04T00:37:31.838Z	.svelte-kit/output/server/entries/pages/(protected)/_layout.server.js                                              0.78 kB
2026-01-04T00:37:31.838Z	.svelte-kit/output/server/chunks/info-circle.js                                                                    0.79 kB
2026-01-04T00:37:31.838Z	.svelte-kit/output/server/chunks/filter.js                                                                         0.80 kB
2026-01-04T00:37:31.838Z	.svelte-kit/output/server/chunks/upload.js                                                                         0.80 kB
2026-01-04T00:37:31.838Z	.svelte-kit/output/server/chunks/download.js                                                                       0.81 kB
2026-01-04T00:37:31.839Z	.svelte-kit/output/server/chunks/eye.js                                                                            0.83 kB
2026-01-04T00:37:31.839Z	.svelte-kit/output/server/chunks/box.js                                                                            0.83 kB
2026-01-04T00:37:31.839Z	.svelte-kit/output/server/chunks/logout.js                                                                         0.85 kB
2026-01-04T00:37:31.839Z	.svelte-kit/output/server/chunks/users.js                                                                          0.87 kB
2026-01-04T00:37:31.839Z	.svelte-kit/output/server/chunks/config.js                                                                         0.88 kB
2026-01-04T00:37:31.839Z	.svelte-kit/output/server/chunks/click.js                                                                          0.89 kB
2026-01-04T00:37:31.839Z	.svelte-kit/output/server/chunks/shield-lock.js                                                                    0.90 kB
2026-01-04T00:37:31.839Z	.svelte-kit/output/server/chunks/trash.js                                                                          0.90 kB
2026-01-04T00:37:31.839Z	.svelte-kit/output/server/chunks/edit.js                                                                           0.91 kB
2026-01-04T00:37:31.840Z	.svelte-kit/output/server/chunks/Badge.js                                                                          0.93 kB
2026-01-04T00:37:31.840Z	.svelte-kit/output/server/chunks/file-text.js                                                                      0.93 kB
2026-01-04T00:37:31.840Z	.svelte-kit/output/server/entries/pages/(auth)/sign-in/_page.server.js                                             0.97 kB
2026-01-04T00:37:31.840Z	.svelte-kit/output/server/chunks/focus-2.js                                                                        0.97 kB
2026-01-04T00:37:31.841Z	.svelte-kit/output/server/chunks/chart-dots.js                                                                     0.99 kB
2026-01-04T00:37:31.841Z	.svelte-kit/output/server/entries/endpoints/api/data/_project_/nodes/_server.js                                    1.02 kB
2026-01-04T00:37:31.841Z	.svelte-kit/output/server/chunks/Spinner.js                                                                        1.03 kB
2026-01-04T00:37:31.841Z	.svelte-kit/output/server/chunks/chart-bar.js                                                                      1.08 kB
2026-01-04T00:37:31.841Z	.svelte-kit/output/server/chunks/network.js                                                                        1.08 kB
2026-01-04T00:37:31.841Z	.svelte-kit/output/server/chunks/hand-stop.js                                                                      1.08 kB
2026-01-04T00:37:31.841Z	.svelte-kit/output/server/chunks/Typography.js                                                                     1.14 kB
2026-01-04T00:37:31.841Z	.svelte-kit/output/server/chunks/tourStore.svelte.js                                                               1.14 kB
2026-01-04T00:37:31.842Z	.svelte-kit/output/server/chunks/utils.js                                                                          1.15 kB
2026-01-04T00:37:31.842Z	.svelte-kit/output/server/entries/endpoints/api/user-profile/_server.js                                            1.17 kB
2026-01-04T00:37:31.842Z	.svelte-kit/output/server/chunks/chevron-right.js                                                                  1.19 kB
2026-01-04T00:37:31.842Z	.svelte-kit/output/server/chunks/layout-dashboard.js                                                               1.20 kB
2026-01-04T00:37:31.842Z	.svelte-kit/output/server/chunks/circle.js                                                                         1.24 kB
2026-01-04T00:37:31.842Z	.svelte-kit/output/server/chunks/settings.js                                                                       1.28 kB
2026-01-04T00:37:31.842Z	.svelte-kit/output/server/chunks/index.js                                                                          1.43 kB
2026-01-04T00:37:31.842Z	.svelte-kit/output/server/entries/endpoints/api/data/_project_/_server.js                                          1.57 kB
2026-01-04T00:37:31.842Z	.svelte-kit/output/server/chunks/database.js                                                                       1.72 kB
2026-01-04T00:37:31.842Z	.svelte-kit/output/server/entries/endpoints/api/saved-analysis/_server.js                                          1.76 kB
2026-01-04T00:37:31.842Z	.svelte-kit/output/server/chunks/user.js                                                                           1.93 kB
2026-01-04T00:37:31.842Z	.svelte-kit/output/server/chunks/hooks.server.js                                                                   2.06 kB
2026-01-04T00:37:31.842Z	.svelte-kit/output/server/chunks/Card.js                                                                           2.06 kB
2026-01-04T00:37:31.842Z	.svelte-kit/output/server/chunks/Tooltip.svelte_svelte_type_style_lang.js                                          2.10 kB
2026-01-04T00:37:31.842Z	.svelte-kit/output/server/chunks/Separator.js                                                                      2.22 kB
2026-01-04T00:37:31.843Z	.svelte-kit/output/server/entries/pages/(protected)/(sidebar)/dashboard/graph/_page.server.js                      2.35 kB
2026-01-04T00:37:31.843Z	.svelte-kit/output/server/chunks/Icon.js                                                                           2.36 kB
2026-01-04T00:37:31.843Z	.svelte-kit/output/server/chunks/TableRow.js                                                                       2.49 kB
2026-01-04T00:37:31.843Z	.svelte-kit/output/server/chunks/Button.js                                                                         2.51 kB
2026-01-04T00:37:31.843Z	.svelte-kit/output/server/entries/endpoints/api/density-analysis/_server.js                                        2.53 kB
2026-01-04T00:37:31.843Z	.svelte-kit/output/server/entries/endpoints/api/admin/stats/_server.js                                             2.75 kB
2026-01-04T00:37:31.843Z	.svelte-kit/output/server/entries/endpoints/(auth)/callback/_server.js                                             2.79 kB
2026-01-04T00:37:31.843Z	.svelte-kit/output/server/chunks/client.svelte.js                                                                  3.02 kB
2026-01-04T00:37:31.846Z	.svelte-kit/output/server/chunks/context.js                                                                        3.12 kB
2026-01-04T00:37:31.846Z	.svelte-kit/output/server/entries/pages/_layout.svelte.js                                                          3.13 kB
2026-01-04T00:37:31.846Z	.svelte-kit/output/server/chunks/Modal.js                                                                          3.25 kB
2026-01-04T00:37:31.846Z	.svelte-kit/output/server/entries/endpoints/api/database/_server.js                                                3.44 kB
2026-01-04T00:37:31.846Z	.svelte-kit/output/server/entries/pages/impressum/_page.svelte.js                                                  3.45 kB
2026-01-04T00:37:31.846Z	.svelte-kit/output/server/chunks/trash-2.js                                                                        3.64 kB
2026-01-04T00:37:31.846Z	.svelte-kit/output/server/entries/pages/(public)/_layout.svelte.js                                                 4.34 kB
2026-01-04T00:37:31.846Z	.svelte-kit/output/server/chunks/Input.js                                                                          4.46 kB
2026-01-04T00:37:31.846Z	.svelte-kit/output/server/entries/pages/docs/manual/graph/search-tab/_page.svelte.js                               4.65 kB
2026-01-04T00:37:31.846Z	.svelte-kit/output/server/entries/pages/(auth)/sign-in/_page.svelte.js                                             4.76 kB
2026-01-04T00:37:31.846Z	.svelte-kit/output/server/entries/pages/(protected)/(sidebar)/dashboard/graph/_page.svelte.js                      4.92 kB
2026-01-04T00:37:31.846Z	.svelte-kit/output/server/chunks/exports.js                                                                        5.57 kB
2026-01-04T00:37:31.847Z	.svelte-kit/output/server/entries/pages/(protected)/(sidebar)/admin/tours/_page.svelte.js                          5.79 kB
2026-01-04T00:37:31.847Z	.svelte-kit/output/server/entries/pages/docs/manual/admin/tours/_page.svelte.js                                    5.93 kB
2026-01-04T00:37:31.847Z	.svelte-kit/output/server/entries/pages/docs/manual/analysis/density/_page.svelte.js                               6.00 kB
2026-01-04T00:37:31.847Z	.svelte-kit/output/server/chunks/auth.js                                                                           6.17 kB
2026-01-04T00:37:31.847Z	.svelte-kit/output/server/entries/pages/docs/manual/graph/control-panel/_page.svelte.js                            6.35 kB
2026-01-04T00:37:31.847Z	.svelte-kit/output/server/entries/pages/docs/manual/graph/modals/_page.svelte.js                                   6.81 kB
2026-01-04T00:37:31.847Z	.svelte-kit/output/server/entries/pages/docs/manual/graph/groups-tab/_page.svelte.js                               6.88 kB
2026-01-04T00:37:31.847Z	.svelte-kit/output/server/entries/pages/(protected)/(sidebar)/dashboard/settings/_page.svelte.js                   7.03 kB
2026-01-04T00:37:31.848Z	.svelte-kit/output/server/entries/pages/docs/manual/graph/view-tab/_page.svelte.js                                 7.07 kB
2026-01-04T00:37:31.848Z	.svelte-kit/output/server/entries/pages/datenschutz/_page.svelte.js                                                7.13 kB
2026-01-04T00:37:31.848Z	.svelte-kit/output/server/entries/pages/(public)/_page.svelte.js                                                   7.24 kB
2026-01-04T00:37:31.848Z	.svelte-kit/output/server/entries/pages/docs/manual/admin/users/_page.svelte.js                                    7.35 kB
2026-01-04T00:37:31.848Z	.svelte-kit/output/server/entries/pages/docs/manual/settings/_page.svelte.js                                       7.46 kB
2026-01-04T00:37:31.848Z	.svelte-kit/output/server/entries/pages/docs/manual/graph/interaction/_page.svelte.js                              7.78 kB
2026-01-04T00:37:31.848Z	.svelte-kit/output/server/entries/pages/docs/manual/dashboard/_page.svelte.js                                      8.25 kB
2026-01-04T00:37:31.848Z	.svelte-kit/output/server/entries/pages/docs/manual/graph/context-menu/_page.svelte.js                             8.51 kB
2026-01-04T00:37:31.849Z	.svelte-kit/output/server/entries/pages/(protected)/(sidebar)/admin/users/_page.svelte.js                          8.88 kB
2026-01-04T00:37:31.849Z	.svelte-kit/output/server/entries/pages/(protected)/(sidebar)/dashboard/database/_page.svelte.js                   8.95 kB
2026-01-04T00:37:31.849Z	.svelte-kit/output/server/entries/pages/docs/manual/graph/_page.svelte.js                                          9.00 kB
2026-01-04T00:37:31.849Z	.svelte-kit/output/server/entries/pages/docs/manual/_layout.svelte.js                                              9.52 kB
2026-01-04T00:37:31.849Z	.svelte-kit/output/server/entries/pages/(protected)/(sidebar)/dashboard/_page.svelte.js                           10.24 kB
2026-01-04T00:37:31.849Z	.svelte-kit/output/server/chunks/shared.js                                                                        17.70 kB
2026-01-04T00:37:31.849Z	.svelte-kit/output/server/remote-entry.js                                                                         18.86 kB
2026-01-04T00:37:31.849Z	.svelte-kit/output/server/entries/pages/docs/_page.svelte.js                                                      19.68 kB
2026-01-04T00:37:31.849Z	.svelte-kit/output/server/entries/pages/(protected)/(sidebar)/dashboard/analysis/_page.svelte.js                  22.53 kB
2026-01-04T00:37:31.849Z	.svelte-kit/output/server/entries/pages/(protected)/(sidebar)/_layout.svelte.js                                   29.04 kB
2026-01-04T00:37:31.849Z	.svelte-kit/output/server/chunks/internal.js                                                                      31.61 kB
2026-01-04T00:37:31.849Z	.svelte-kit/output/server/entries/pages/(protected)/(sidebar)/admin/_page.svelte.js                               31.79 kB
2026-01-04T00:37:31.849Z	.svelte-kit/output/server/entries/pages/(protected)/(sidebar)/admin/tours/_projectId_/_page.svelte.js             42.45 kB
2026-01-04T00:37:31.849Z	.svelte-kit/output/server/entries/pages/(protected)/(sidebar)/dashboard/analysis/density/_page.svelte.js          49.18 kB
2026-01-04T00:37:31.849Z	.svelte-kit/output/server/entries/pages/(protected)/(fullscreen)/dashboard/graph/project/_id_/_page.svelte.js     76.38 kB
2026-01-04T00:37:31.850Z	.svelte-kit/output/server/chunks/index2.js                                                                        80.45 kB
2026-01-04T00:37:31.850Z	.svelte-kit/output/server/index.js                                                                               126.65 kB
2026-01-04T00:37:31.850Z	✓ built in 1m 18s
2026-01-04T00:37:31.850Z	
2026-01-04T00:37:31.851Z	Run npm run preview to preview your production build locally.
2026-01-04T00:37:31.854Z	
2026-01-04T00:37:31.854Z	> Using @sveltejs/adapter-cloudflare
2026-01-04T00:37:32.132Z	  ✔ done
2026-01-04T00:37:32.548Z	Success: Build command completed
2026-01-04T00:37:32.740Z	Executing user deploy command: npx wrangler deploy
2026-01-04T00:37:35.124Z	
2026-01-04T00:37:35.124Z	 ⛅️ wrangler 4.56.0
2026-01-04T00:37:35.124Z	───────────────────
2026-01-04T00:37:35.204Z	▲ [WARNING] Failed to match Worker name. Your config file is using the Worker name "my-svelte-app", but the CI system expected "data-viz-dash". Overriding using the CI provided Worker name. Workers Builds connected builds will attempt to open a pull request to resolve this config name mismatch.
2026-01-04T00:37:35.204Z	
2026-01-04T00:37:35.204Z	
2026-01-04T00:37:36.761Z	▲ [WARNING] The package "node:crypto" wasn't found on the file system but is built into node.
2026-01-04T00:37:36.761Z	
2026-01-04T00:37:36.761Z	  Your Worker may throw errors at runtime unless you enable the "nodejs_compat" compatibility flag. Refer to https://developers.cloudflare.com/workers/runtime-apis/nodejs/ for more details. Imported from:
2026-01-04T00:37:36.761Z	   - .svelte-kit/output/server/chunks/index2.js
2026-01-04T00:37:36.761Z	
2026-01-04T00:37:36.762Z	
2026-01-04T00:37:36.762Z	▲ [WARNING] The package "node:path" wasn't found on the file system but is built into node.
2026-01-04T00:37:36.762Z	
2026-01-04T00:37:36.762Z	  Your Worker may throw errors at runtime unless you enable the "nodejs_compat" compatibility flag. Refer to https://developers.cloudflare.com/workers/runtime-apis/nodejs/ for more details. Imported from:
2026-01-04T00:37:36.762Z	   - .svelte-kit/output/server/entries/endpoints/api/database/_server.js
2026-01-04T00:37:36.762Z	
2026-01-04T00:37:36.762Z	
2026-01-04T00:37:36.764Z	
2026-01-04T00:37:36.767Z	✘ [ERROR] Build failed with 8 errors:
2026-01-04T00:37:36.767Z	
2026-01-04T00:37:36.767Z	  ✘ [ERROR] Could not resolve "fs"
2026-01-04T00:37:36.767Z	  
2026-01-04T00:37:36.767Z	      node_modules/better-sqlite3/lib/database.js:2:19:
2026-01-04T00:37:36.768Z	        2 │ const fs = require('fs');
2026-01-04T00:37:36.768Z	          ╵                    ~~~~
2026-01-04T00:37:36.768Z	  
2026-01-04T00:37:36.768Z	    The package "fs" wasn't found on the file system but is built into node.
2026-01-04T00:37:36.768Z	    - Add the "nodejs_compat" compatibility flag to your project.
2026-01-04T00:37:36.768Z	    
2026-01-04T00:37:36.768Z	  
2026-01-04T00:37:36.768Z	  
2026-01-04T00:37:36.768Z	  ✘ [ERROR] Could not resolve "path"
2026-01-04T00:37:36.768Z	  
2026-01-04T00:37:36.768Z	      node_modules/better-sqlite3/lib/database.js:3:21:
2026-01-04T00:37:36.768Z	        3 │ const path = require('path');
2026-01-04T00:37:36.769Z	          ╵                      ~~~~~~
2026-01-04T00:37:36.769Z	  
2026-01-04T00:37:36.769Z	    The package "path" wasn't found on the file system but is built into node.
2026-01-04T00:37:36.769Z	    - Add the "nodejs_compat" compatibility flag to your project.
2026-01-04T00:37:36.769Z	    
2026-01-04T00:37:36.769Z	  
2026-01-04T00:37:36.769Z	  
2026-01-04T00:37:36.769Z	  ✘ [ERROR] Could not resolve "fs"
2026-01-04T00:37:36.769Z	  
2026-01-04T00:37:36.769Z	      node_modules/better-sqlite3/lib/methods/backup.js:2:19:
2026-01-04T00:37:36.770Z	        2 │ const fs = require('fs');
2026-01-04T00:37:36.770Z	          ╵                    ~~~~
2026-01-04T00:37:36.770Z	  
2026-01-04T00:37:36.770Z	    The package "fs" wasn't found on the file system but is built into node.
2026-01-04T00:37:36.770Z	    - Add the "nodejs_compat" compatibility flag to your project.
2026-01-04T00:37:36.770Z	    
2026-01-04T00:37:36.770Z	  
2026-01-04T00:37:36.770Z	  
2026-01-04T00:37:36.770Z	  ✘ [ERROR] Could not resolve "path"
2026-01-04T00:37:36.770Z	  
2026-01-04T00:37:36.770Z	      node_modules/better-sqlite3/lib/methods/backup.js:3:21:
2026-01-04T00:37:36.770Z	        3 │ const path = require('path');
2026-01-04T00:37:36.770Z	          ╵                      ~~~~~~
2026-01-04T00:37:36.770Z	  
2026-01-04T00:37:36.770Z	    The package "path" wasn't found on the file system but is built into node.
2026-01-04T00:37:36.771Z	    - Add the "nodejs_compat" compatibility flag to your project.
2026-01-04T00:37:36.771Z	    
2026-01-04T00:37:36.771Z	  
2026-01-04T00:37:36.771Z	  
2026-01-04T00:37:36.771Z	  ✘ [ERROR] Could not resolve "util"
2026-01-04T00:37:36.771Z	  
2026-01-04T00:37:36.772Z	      node_modules/better-sqlite3/lib/methods/backup.js:4:30:
2026-01-04T00:37:36.772Z	        4 │ const { promisify } = require('util');
2026-01-04T00:37:36.772Z	          ╵                               ~~~~~~
2026-01-04T00:37:36.772Z	  
2026-01-04T00:37:36.772Z	    The package "util" wasn't found on the file system but is built into node.
2026-01-04T00:37:36.772Z	    - Add the "nodejs_compat" compatibility flag to your project.
2026-01-04T00:37:36.772Z	    
2026-01-04T00:37:36.772Z	  
2026-01-04T00:37:36.772Z	  
2026-01-04T00:37:36.772Z	  ✘ [ERROR] Could not resolve "fs"
2026-01-04T00:37:36.772Z	  
2026-01-04T00:37:36.772Z	      node_modules/bindings/bindings.js:5:17:
2026-01-04T00:37:36.772Z	        5 │ var fs = require('fs'),
2026-01-04T00:37:36.772Z	          ╵                  ~~~~
2026-01-04T00:37:36.772Z	  
2026-01-04T00:37:36.772Z	    The package "fs" wasn't found on the file system but is built into node.
2026-01-04T00:37:36.773Z	    - Add the "nodejs_compat" compatibility flag to your project.
2026-01-04T00:37:36.773Z	    
2026-01-04T00:37:36.773Z	  
2026-01-04T00:37:36.773Z	  
2026-01-04T00:37:36.773Z	  ✘ [ERROR] Could not resolve "path"
2026-01-04T00:37:36.773Z	  
2026-01-04T00:37:36.773Z	      node_modules/bindings/bindings.js:6:17:
2026-01-04T00:37:36.773Z	        6 │   path = require('path'),
2026-01-04T00:37:36.773Z	          ╵                  ~~~~~~
2026-01-04T00:37:36.773Z	  
2026-01-04T00:37:36.773Z	    The package "path" wasn't found on the file system but is built into node.
2026-01-04T00:37:36.773Z	    - Add the "nodejs_compat" compatibility flag to your project.
2026-01-04T00:37:36.773Z	    
2026-01-04T00:37:36.773Z	  
2026-01-04T00:37:36.773Z	  
2026-01-04T00:37:36.773Z	  ✘ [ERROR] Could not resolve "path"
2026-01-04T00:37:36.773Z	  
2026-01-04T00:37:36.774Z	      node_modules/file-uri-to-path/index.js:6:18:
2026-01-04T00:37:36.774Z	        6 │ var sep = require('path').sep || '/';
2026-01-04T00:37:36.774Z	          ╵                   ~~~~~~
2026-01-04T00:37:36.774Z	  
2026-01-04T00:37:36.774Z	    The package "path" wasn't found on the file system but is built into node.
2026-01-04T00:37:36.774Z	    - Add the "nodejs_compat" compatibility flag to your project.
2026-01-04T00:37:36.774Z	    
2026-01-04T00:37:36.775Z	  
2026-01-04T00:37:36.775Z	  
2026-01-04T00:37:36.775Z	
2026-01-04T00:37:36.775Z	
2026-01-04T00:37:36.776Z	
2026-01-04T00:37:36.776Z	Cloudflare collects anonymous telemetry about your usage of Wrangler. Learn more at https://github.com/cloudflare/workers-sdk/tree/main/packages/wrangler/telemetry.md
2026-01-04T00:37:36.804Z	🪵  Logs were written to "/opt/buildhome/.config/.wrangler/logs/wrangler-2026-01-04_00-37-34_581.log"
2026-01-04T00:37:36.849Z	Failed: error occurred while running deploy command